<?xml version="1.0" encoding="utf-8"?>
<test-run id="2" testcasecount="35" result="Passed" total="35" passed="35" failed="0" inconclusive="0" skipped="0" asserts="0" engine-version="3.5.0.0" clr-version="4.0.30319.42000" start-time="2026-09-15 12:43:30Z" end-time="2026-09-15 12:44:15Z" duration="45.6825602">
  <test-suite type="TestSuite" id="1045" name="ConwayGameOfLife" fullname="ConwayGameOfLife" runstate="Runnable" testcasecount="35" result="Passed" start-time="2026-09-15 12:43:30Z" end-time="2026-09-15 12:44:15Z" duration="45.682560" total="35" passed="35" failed="0" inconclusive="0" skipped="0" asserts="0">
    <properties>
      <property name="platform" value="PlayMode" />
    </properties>
    <test-suite type="Assembly" id="1084" name="ConwayGameOfLife.Tests.PlayMode.dll" fullname="C:/Users/12542/ConwayGameOfLife/Library/ScriptAssemblies/ConwayGameOfLife.Tests.PlayMode.dll" runstate="Runnable" testcasecount="35" result="Passed" start-time="2026-09-15 12:43:30Z" end-time="2026-09-15 12:44:15Z" duration="45.674955" total="35" passed="35" failed="0" inconclusive="0" skipped="0" asserts="0">
      <properties>
        <property name="_PID" value="93312" />
        <property name="_APPDOMAIN" value="Unity Child Domain" />
        <property name="platform" value="PlayMode" />
        <property name="EditorOnly" value="False" />
      </properties>
      <test-suite type="TestSuite" id="1085" name="ConwayGameOfLife" fullname="ConwayGameOfLife" runstate="Runnable" testcasecount="35" result="Passed" start-time="2026-09-15 12:43:30Z" end-time="2026-09-15 12:44:15Z" duration="45.670185" total="35" passed="35" failed="0" inconclusive="0" skipped="0" asserts="0">
        <properties />
        <test-suite type="TestSuite" id="1086" name="Tests" fullname="ConwayGameOfLife.Tests" runstate="Runnable" testcasecount="35" result="Passed" start-time="2026-09-15 12:43:30Z" end-time="2026-09-15 12:44:15Z" duration="45.660964" total="35" passed="35" failed="0" inconclusive="0" skipped="0" asserts="0">
          <properties />
          <test-suite type="TestFixture" id="1046" name="GpuCpuEquivalenceTests" fullname="ConwayGameOfLife.Tests.GpuCpuEquivalenceTests" classname="ConwayGameOfLife.Tests.GpuCpuEquivalenceTests" runstate="Runnable" testcasecount="1" result="Passed" start-time="2026-09-15 12:43:30Z" end-time="2026-09-15 12:43:31Z" duration="1.057343" total="1" passed="1" failed="0" inconclusive="0" skipped="0" asserts="0">
            <properties />
            <test-case id="1047" name="GpuMatchesCpu_AcrossPatternsSizesAndBoundaries" fullname="ConwayGameOfLife.Tests.GpuCpuEquivalenceTests.GpuMatchesCpu_AcrossPatternsSizesAndBoundaries" methodname="GpuMatchesCpu_AcrossPatternsSizesAndBoundaries" classname="ConwayGameOfLife.Tests.GpuCpuEquivalenceTests" runstate="Runnable" seed="1220683673" result="Passed" start-time="2026-09-15 12:43:30Z" end-time="2026-09-15 12:43:31Z" duration="1.043402" asserts="0">
              <properties>
                <property name="retryIteration" value="0" />
                <property name="repeatIteration" value="0" />
              </properties>
              <output><![CDATA[Shader warning in 'LifeGpu': integer modulus may be much slower, try using uints if possible. at kernel Step at LifeGpu.compute(58) (on dx11)
Shader warning in 'LifeGpu': integer modulus may be much slower, try using uints if possible. at kernel Step at LifeGpu.compute(58) (on dx11)
Shader warning in 'LifeGpu': integer modulus may be much slower, try using uints if possible. at kernel Step at LifeGpu.compute(59) (on dx11)
Shader warning in 'LifeGpu': integer modulus may be much slower, try using uints if possible. at kernel Step at LifeGpu.compute(59) (on dx11)
Shader warning in 'LifeGpu': integer divides may be much slower, try using uints if possible. at kernel Render at LifeGpu.compute(129) (on dx12)
Shader warning in 'LifeGpu': integer divides may be much slower, try using uints if possible. at kernel Render at LifeGpu.compute(129) (on dx12)
Shader warning in 'LifeGpu': integer divides may be much slower, try using uints if possible. at kernel Render at LifeGpu.compute(130) (on dx12)
Shader warning in 'LifeGpu': integer divides may be much slower, try using uints if possible. at kernel Render at LifeGpu.compute(130) (on dx12)
[stage-a] CPU/GPU equivalence: 128/128 cases matched. Report: C:\Users\12542\ConwayGameOfLife\gpu-cpu-equivalence.json
[stage-a] CPU/GPU equivalence: 128/128 cases matched. Report: C:\Users\12542\ConwayGameOfLife\gpu-cpu-equivalence.json
]]></output>
            </test-case>
          </test-suite>
          <test-suite type="TestFixture" id="1048" name="LifeSeedingIntegrationTests" fullname="ConwayGameOfLife.Tests.LifeSeedingIntegrationTests" classname="ConwayGameOfLife.Tests.LifeSeedingIntegrationTests" runstate="Runnable" testcasecount="18" result="Passed" start-time="2026-09-15 12:43:31Z" end-time="2026-09-15 12:43:32Z" duration="1.830187" total="18" passed="18" failed="0" inconclusive="0" skipped="0" asserts="0">
            <properties />
            <test-case id="1062" name="AppliedSeeding_IsCellIdenticalOnBothBackends" fullname="ConwayGameOfLife.Tests.LifeSeedingIntegrationTests.AppliedSeeding_IsCellIdenticalOnBothBackends" methodname="AppliedSeeding_IsCellIdenticalOnBothBackends" classname="ConwayGameOfLife.Tests.LifeSeedingIntegrationTests" runstate="Runnable" seed="1002328849" result="Passed" start-time="2026-09-15 12:43:31Z" end-time="2026-09-15 12:43:31Z" duration="0.146181" asserts="0">
              <properties>
                <property name="_JOINTYPE" value="UnityCombinatorial" />
                <property name="retryIteration" value="0" />
                <property name="repeatIteration" value="0" />
              </properties>
              <output><![CDATA[[Life] seeding generated: 36.3 ms for 256x256 (20892 alive, realised density 0.3188) -- Fbm seed=20260915 density=0.32 scale=24 warp=5 cluster=0.7
[Life] seeding generated: 36.3 ms for 256x256 (20892 alive, realised density 0.3188) -- Fbm seed=20260915 density=0.32 scale=24 warp=5 cluster=0.7
[Life] board render #2: rect=988x658 panelScale=0.467 viewport=461x307 rt=461x307 origin=(-102,-25) cellPixels=1 backend=GPU
[Life] board render #2: rect=988x658 panelScale=0.467 viewport=461x307 rt=461x307 origin=(-102,-25) cellPixels=1 backend=GPU
[Life] board render #3: rect=988x658 panelScale=0.467 viewport=461x307 rt=461x307 origin=(-102,-25) cellPixels=1 backend=GPU
[Life] board render #3: rect=988x658 panelScale=0.467 viewport=461x307 rt=461x307 origin=(-102,-25) cellPixels=1 backend=GPU
[Life] board render #4: rect=988x658 panelScale=0.467 viewport=461x307 rt=461x307 origin=(-102,-25) cellPixels=1 backend=GPU
[Life] board render #4: rect=988x658 panelScale=0.467 viewport=461x307 rt=461x307 origin=(-102,-25) cellPixels=1 backend=GPU
[Life] board render #5: rect=988x658 panelScale=0.467 viewport=461x307 rt=461x307 origin=(-102,-25) cellPixels=1 backend=GPU
[Life] board render #5: rect=988x658 panelScale=0.467 viewport=461x307 rt=461x307 origin=(-102,-25) cellPixels=1 backend=GPU
[Life] board render #6: rect=988x658 panelScale=0.467 viewport=461x307 rt=461x307 origin=(-102,-25) cellPixels=1 backend=GPU
[Life] board render #6: rect=988x658 panelScale=0.467 viewport=461x307 rt=461x307 origin=(-102,-25) cellPixels=1 backend=GPU
]]></output>
            </test-case>
            <test-case id="1061" name="ApplyingSeeding_ClearsTheSpecimenHighlight" fullname="ConwayGameOfLife.Tests.LifeSeedingIntegrationTests.ApplyingSeeding_ClearsTheSpecimenHighlight" methodname="ApplyingSeeding_ClearsTheSpecimenHighlight" classname="ConwayGameOfLife.Tests.LifeSeedingIntegrationTests" runstate="Runnable" seed="177657409" result="Passed" start-time="2026-09-15 12:43:31Z" end-time="2026-09-15 12:43:31Z" duration="0.085401" asserts="0">
              <properties>
                <property name="_JOINTYPE" value="UnityCombinatorial" />
                <property name="retryIteration" value="0" />
                <property name="repeatIteration" value="0" />
              </properties>
              <output><![CDATA[[Life] seeding generated: 36.0 ms for 256x256 (20344 alive, realised density 0.3104) -- Fbm seed=908 density=0.32 scale=24 warp=5 cluster=0.7
[Life] seeding generated: 36.0 ms for 256x256 (20344 alive, realised density 0.3104) -- Fbm seed=908 density=0.32 scale=24 warp=5 cluster=0.7
]]></output>
            </test-case>
            <test-case id="1058" name="ApplySeeding_ReplacesTheBoard_ResetsGeneration_AndStaysPaused" fullname="ConwayGameOfLife.Tests.LifeSeedingIntegrationTests.ApplySeeding_ReplacesTheBoard_ResetsGeneration_AndStaysPaused" methodname="ApplySeeding_ReplacesTheBoard_ResetsGeneration_AndStaysPaused" classname="ConwayGameOfLife.Tests.LifeSeedingIntegrationTests" runstate="Runnable" seed="555076029" result="Passed" start-time="2026-09-15 12:43:31Z" end-time="2026-09-15 12:43:31Z" duration="0.090288" asserts="0">
              <properties>
                <property name="_JOINTYPE" value="UnityCombinatorial" />
                <property name="retryIteration" value="0" />
                <property name="repeatIteration" value="0" />
              </properties>
              <output><![CDATA[[Life] seeding generated: 35.9 ms for 256x256 (21536 alive, realised density 0.3286) -- Fbm seed=31337 density=0.32 scale=24 warp=5 cluster=0.7
[Life] seeding generated: 35.9 ms for 256x256 (21536 alive, realised density 0.3286) -- Fbm seed=31337 density=0.32 scale=24 warp=5 cluster=0.7
]]></output>
            </test-case>
            <test-case id="1057" name="CancelSeeding_RestoresTheCaptionThatWasShowing" fullname="ConwayGameOfLife.Tests.LifeSeedingIntegrationTests.CancelSeeding_RestoresTheCaptionThatWasShowing" methodname="CancelSeeding_RestoresTheCaptionThatWasShowing" classname="ConwayGameOfLife.Tests.LifeSeedingIntegrationTests" runstate="Runnable" seed="1640361364" result="Passed" start-time="2026-09-15 12:43:31Z" end-time="2026-09-15 12:43:31Z" duration="0.144856" asserts="0">
              <properties>
                <property name="_JOINTYPE" value="UnityCombinatorial" />
                <property name="retryIteration" value="0" />
                <property name="repeatIteration" value="0" />
              </properties>
              <output><![CDATA[[Life] seeding generated: 37.0 ms for 256x256 (20958 alive, realised density 0.3198) -- Fbm seed=907 density=0.32 scale=24 warp=5 cluster=0.7
[Life] seeding generated: 37.0 ms for 256x256 (20958 alive, realised density 0.3198) -- Fbm seed=907 density=0.32 scale=24 warp=5 cluster=0.7
]]></output>
            </test-case>
            <test-case id="1053" name="ClearingTheBoard_EndsThePreview" fullname="ConwayGameOfLife.Tests.LifeSeedingIntegrationTests.ClearingTheBoard_EndsThePreview" methodname="ClearingTheBoard_EndsThePreview" classname="ConwayGameOfLife.Tests.LifeSeedingIntegrationTests" runstate="Runnable" seed="1998981853" result="Passed" start-time="2026-09-15 12:43:31Z" end-time="2026-09-15 12:43:31Z" duration="0.164095" asserts="0">
              <properties>
                <property name="_JOINTYPE" value="UnityCombinatorial" />
                <property name="retryIteration" value="0" />
                <property name="repeatIteration" value="0" />
              </properties>
              <output><![CDATA[[Life] seeding generated: 36.8 ms for 256x256 (20591 alive, realised density 0.3142) -- Fbm seed=903 density=0.32 scale=24 warp=5 cluster=0.7
[Life] seeding generated: 36.8 ms for 256x256 (20591 alive, realised density 0.3142) -- Fbm seed=903 density=0.32 scale=24 warp=5 cluster=0.7
]]></output>
            </test-case>
            <test-case id="1060" name="ControlsMatchTheSessionAfterACommandLineStyleChange" fullname="ConwayGameOfLife.Tests.LifeSeedingIntegrationTests.ControlsMatchTheSessionAfterACommandLineStyleChange" methodname="ControlsMatchTheSessionAfterACommandLineStyleChange" classname="ConwayGameOfLife.Tests.LifeSeedingIntegrationTests" runstate="Runnable" seed="1337701366" result="Passed" start-time="2026-09-15 12:43:31Z" end-time="2026-09-15 12:43:31Z" duration="0.032632" asserts="0">
              <properties>
                <property name="_JOINTYPE" value="UnityCombinatorial" />
                <property name="retryIteration" value="0" />
                <property name="repeatIteration" value="0" />
              </properties>
            </test-case>
            <test-case id="1059" name="EditingOneControl_DoesNotOverwriteTheOthers" fullname="ConwayGameOfLife.Tests.LifeSeedingIntegrationTests.EditingOneControl_DoesNotOverwriteTheOthers" methodname="EditingOneControl_DoesNotOverwriteTheOthers" classname="ConwayGameOfLife.Tests.LifeSeedingIntegrationTests" runstate="Runnable" seed="267414373" result="Passed" start-time="2026-09-15 12:43:31Z" end-time="2026-09-15 12:43:31Z" duration="0.051473" asserts="0">
              <properties>
                <property name="_JOINTYPE" value="UnityCombinatorial" />
                <property name="retryIteration" value="0" />
                <property name="repeatIteration" value="0" />
              </properties>
            </test-case>
            <test-case id="1064" name="EvolutionAfterSeeding_DoesNotConsultTheNoise" fullname="ConwayGameOfLife.Tests.LifeSeedingIntegrationTests.EvolutionAfterSeeding_DoesNotConsultTheNoise" methodname="EvolutionAfterSeeding_DoesNotConsultTheNoise" classname="ConwayGameOfLife.Tests.LifeSeedingIntegrationTests" runstate="Runnable" seed="2060130650" result="Passed" start-time="2026-09-15 12:43:31Z" end-time="2026-09-15 12:43:32Z" duration="0.201392" asserts="0">
              <properties>
                <property name="_JOINTYPE" value="UnityCombinatorial" />
                <property name="retryIteration" value="0" />
                <property name="repeatIteration" value="0" />
              </properties>
              <output><![CDATA[[Life] seeding generated: 1.2 ms for 256x256 (0 alive, realised density 0.0000) -- Uniform seed=5 density=0 scale=32 warp=0 cluster=0
[Life] seeding generated: 1.2 ms for 256x256 (0 alive, realised density 0.0000) -- Uniform seed=5 density=0 scale=32 warp=0 cluster=0
]]></output>
            </test-case>
            <test-case id="1066" name="PreviewingABringsTheSeedingPanelForward" fullname="ConwayGameOfLife.Tests.LifeSeedingIntegrationTests.PreviewingABringsTheSeedingPanelForward" methodname="PreviewingABringsTheSeedingPanelForward" classname="ConwayGameOfLife.Tests.LifeSeedingIntegrationTests" runstate="Runnable" seed="1308500761" result="Passed" start-time="2026-09-15 12:43:32Z" end-time="2026-09-15 12:43:32Z" duration="0.042405" asserts="0">
              <properties>
                <property name="_JOINTYPE" value="UnityCombinatorial" />
                <property name="retryIteration" value="0" />
                <property name="repeatIteration" value="0" />
              </properties>
            </test-case>
            <test-case id="1049" name="PreviewSeeding_LeavesTheLiveBoardUntouched" fullname="ConwayGameOfLife.Tests.LifeSeedingIntegrationTests.PreviewSeeding_LeavesTheLiveBoardUntouched" methodname="PreviewSeeding_LeavesTheLiveBoardUntouched" classname="ConwayGameOfLife.Tests.LifeSeedingIntegrationTests" runstate="Runnable" seed="157210101" result="Passed" start-time="2026-09-15 12:43:32Z" end-time="2026-09-15 12:43:32Z" duration="0.104891" asserts="0">
              <properties>
                <property name="_JOINTYPE" value="UnityCombinatorial" />
                <property name="retryIteration" value="0" />
                <property name="repeatIteration" value="0" />
              </properties>
              <output><![CDATA[[Life] seeding generated: 35.0 ms for 256x256 (21358 alive, realised density 0.3259) -- Fbm seed=4321 density=0.32 scale=24 warp=5 cluster=0.7
[Life] seeding generated: 35.0 ms for 256x256 (21358 alive, realised density 0.3259) -- Fbm seed=4321 density=0.32 scale=24 warp=5 cluster=0.7
[Life] seeding generated: 35.4 ms for 256x256 (20766 alive, realised density 0.3169) -- Fbm seed=4242 density=0.32 scale=24 warp=5 cluster=0.7
[Life] seeding generated: 35.4 ms for 256x256 (20766 alive, realised density 0.3169) -- Fbm seed=4242 density=0.32 scale=24 warp=5 cluster=0.7
]]></output>
            </test-case>
            <test-case id="1054" name="RandomSeeding_EndsThePreview" fullname="ConwayGameOfLife.Tests.LifeSeedingIntegrationTests.RandomSeeding_EndsThePreview" methodname="RandomSeeding_EndsThePreview" classname="ConwayGameOfLife.Tests.LifeSeedingIntegrationTests" runstate="Runnable" seed="692088570" result="Passed" start-time="2026-09-15 12:43:32Z" end-time="2026-09-15 12:43:32Z" duration="0.076607" asserts="0">
              <properties>
                <property name="_JOINTYPE" value="UnityCombinatorial" />
                <property name="retryIteration" value="0" />
                <property name="repeatIteration" value="0" />
              </properties>
              <output><![CDATA[[Life] seeding generated: 35.8 ms for 256x256 (20869 alive, realised density 0.3184) -- Fbm seed=904 density=0.32 scale=24 warp=5 cluster=0.7
[Life] seeding generated: 35.8 ms for 256x256 (20869 alive, realised density 0.3184) -- Fbm seed=904 density=0.32 scale=24 warp=5 cluster=0.7
]]></output>
            </test-case>
            <test-case id="1063" name="Reset_AfterApplyingSeeding_RestoresTheSeededBoard_NotANewOne" fullname="ConwayGameOfLife.Tests.LifeSeedingIntegrationTests.Reset_AfterApplyingSeeding_RestoresTheSeededBoard_NotANewOne" methodname="Reset_AfterApplyingSeeding_RestoresTheSeededBoard_NotANewOne" classname="ConwayGameOfLife.Tests.LifeSeedingIntegrationTests" runstate="Runnable" seed="18702924" result="Passed" start-time="2026-09-15 12:43:32Z" end-time="2026-09-15 12:43:32Z" duration="0.122193" asserts="0">
              <properties>
                <property name="_JOINTYPE" value="UnityCombinatorial" />
                <property name="retryIteration" value="0" />
                <property name="repeatIteration" value="0" />
              </properties>
              <output><![CDATA[[Life] seeding generated: 33.0 ms for 256x256 (21542 alive, realised density 0.3287) -- Fbm seed=8080 density=0.32 scale=24 warp=5 cluster=0.7
[Life] seeding generated: 33.0 ms for 256x256 (21542 alive, realised density 0.3287) -- Fbm seed=8080 density=0.32 scale=24 warp=5 cluster=0.7
]]></output>
            </test-case>
            <test-case id="1055" name="Reset_EndsThePreview" fullname="ConwayGameOfLife.Tests.LifeSeedingIntegrationTests.Reset_EndsThePreview" methodname="Reset_EndsThePreview" classname="ConwayGameOfLife.Tests.LifeSeedingIntegrationTests" runstate="Runnable" seed="1080347078" result="Passed" start-time="2026-09-15 12:43:32Z" end-time="2026-09-15 12:43:32Z" duration="0.106977" asserts="0">
              <properties>
                <property name="_JOINTYPE" value="UnityCombinatorial" />
                <property name="retryIteration" value="0" />
                <property name="repeatIteration" value="0" />
              </properties>
              <output><![CDATA[[Life] seeding generated: 35.6 ms for 256x256 (20365 alive, realised density 0.3107) -- Fbm seed=905 density=0.32 scale=24 warp=5 cluster=0.7
[Life] seeding generated: 35.6 ms for 256x256 (20365 alive, realised density 0.3107) -- Fbm seed=905 density=0.32 scale=24 warp=5 cluster=0.7
]]></output>
            </test-case>
            <test-case id="1052" name="SelectingASpecimen_EndsThePreview" fullname="ConwayGameOfLife.Tests.LifeSeedingIntegrationTests.SelectingASpecimen_EndsThePreview" methodname="SelectingASpecimen_EndsThePreview" classname="ConwayGameOfLife.Tests.LifeSeedingIntegrationTests" runstate="Runnable" seed="1360220569" result="Passed" start-time="2026-09-15 12:43:32Z" end-time="2026-09-15 12:43:32Z" duration="0.075677" asserts="0">
              <properties>
                <property name="_JOINTYPE" value="UnityCombinatorial" />
                <property name="retryIteration" value="0" />
                <property name="repeatIteration" value="0" />
              </properties>
              <output><![CDATA[[Life] seeding generated: 33.7 ms for 256x256 (20965 alive, realised density 0.3199) -- Fbm seed=902 density=0.32 scale=24 warp=5 cluster=0.7
[Life] seeding generated: 33.7 ms for 256x256 (20965 alive, realised density 0.3199) -- Fbm seed=902 density=0.32 scale=24 warp=5 cluster=0.7
]]></output>
            </test-case>
            <test-case id="1056" name="SwitchingBackend_EndsThePreview" fullname="ConwayGameOfLife.Tests.LifeSeedingIntegrationTests.SwitchingBackend_EndsThePreview" methodname="SwitchingBackend_EndsThePreview" classname="ConwayGameOfLife.Tests.LifeSeedingIntegrationTests" runstate="Runnable" seed="1226289760" result="Passed" start-time="2026-09-15 12:43:32Z" end-time="2026-09-15 12:43:32Z" duration="0.099763" asserts="0">
              <properties>
                <property name="_JOINTYPE" value="UnityCombinatorial" />
                <property name="retryIteration" value="0" />
                <property name="repeatIteration" value="0" />
              </properties>
              <output><![CDATA[[Life] seeding generated: 34.1 ms for 256x256 (21392 alive, realised density 0.3264) -- Fbm seed=906 density=0.32 scale=24 warp=5 cluster=0.7
[Life] seeding generated: 34.1 ms for 256x256 (21392 alive, realised density 0.3264) -- Fbm seed=906 density=0.32 scale=24 warp=5 cluster=0.7
]]></output>
            </test-case>
            <test-case id="1065" name="ToolTabs_SwitchBetweenTheArchiveAndTheSeedingPanel" fullname="ConwayGameOfLife.Tests.LifeSeedingIntegrationTests.ToolTabs_SwitchBetweenTheArchiveAndTheSeedingPanel" methodname="ToolTabs_SwitchBetweenTheArchiveAndTheSeedingPanel" classname="ConwayGameOfLife.Tests.LifeSeedingIntegrationTests" runstate="Runnable" seed="476086180" result="Passed" start-time="2026-09-15 12:43:32Z" end-time="2026-09-15 12:43:32Z" duration="0.058258" asserts="0">
              <properties>
                <property name="_JOINTYPE" value="UnityCombinatorial" />
                <property name="retryIteration" value="0" />
                <property name="repeatIteration" value="0" />
              </properties>
            </test-case>
            <test-case id="1051" name="WhilePreviewing_PanningAndZoomingStillWork" fullname="ConwayGameOfLife.Tests.LifeSeedingIntegrationTests.WhilePreviewing_PanningAndZoomingStillWork" methodname="WhilePreviewing_PanningAndZoomingStillWork" classname="ConwayGameOfLife.Tests.LifeSeedingIntegrationTests" runstate="Runnable" seed="43479363" result="Passed" start-time="2026-09-15 12:43:32Z" end-time="2026-09-15 12:43:32Z" duration="0.122907" asserts="0">
              <properties>
                <property name="_JOINTYPE" value="UnityCombinatorial" />
                <property name="retryIteration" value="0" />
                <property name="repeatIteration" value="0" />
              </properties>
              <output><![CDATA[[Life] seeding generated: 35.6 ms for 256x256 (20306 alive, realised density 0.3098) -- Fbm seed=901 density=0.32 scale=24 warp=5 cluster=0.7
[Life] seeding generated: 35.6 ms for 256x256 (20306 alive, realised density 0.3098) -- Fbm seed=901 density=0.32 scale=24 warp=5 cluster=0.7
]]></output>
            </test-case>
            <test-case id="1050" name="WhilePreviewing_TheClockStepAndPaintingAreUnavailable" fullname="ConwayGameOfLife.Tests.LifeSeedingIntegrationTests.WhilePreviewing_TheClockStepAndPaintingAreUnavailable" methodname="WhilePreviewing_TheClockStepAndPaintingAreUnavailable" classname="ConwayGameOfLife.Tests.LifeSeedingIntegrationTests" runstate="Runnable" seed="1344148234" result="Passed" start-time="2026-09-15 12:43:32Z" end-time="2026-09-15 12:43:32Z" duration="0.098810" asserts="0">
              <properties>
                <property name="_JOINTYPE" value="UnityCombinatorial" />
                <property name="retryIteration" value="0" />
                <property name="repeatIteration" value="0" />
              </properties>
              <output><![CDATA[[Life] seeding generated: 37.0 ms for 256x256 (21188 alive, realised density 0.3233) -- Fbm seed=900 density=0.32 scale=24 warp=5 cluster=0.7
[Life] seeding generated: 37.0 ms for 256x256 (21188 alive, realised density 0.3233) -- Fbm seed=900 density=0.32 scale=24 warp=5 cluster=0.7
]]></output>
            </test-case>
          </test-suite>
          <test-suite type="TestFixture" id="1067" name="LifeTerminalBootstrapTests" fullname="ConwayGameOfLife.Tests.LifeTerminalBootstrapTests" classname="ConwayGameOfLife.Tests.LifeTerminalBootstrapTests" runstate="Runnable" testcasecount="16" result="Passed" start-time="2026-09-15 12:43:32Z" end-time="2026-09-15 12:44:15Z" duration="42.764695" total="16" passed="16" failed="0" inconclusive="0" skipped="0" asserts="0">
            <properties />
            <test-case id="1068" name="Bootstrap_BuildsCompleteInterface" fullname="ConwayGameOfLife.Tests.LifeTerminalBootstrapTests.Bootstrap_BuildsCompleteInterface" methodname="Bootstrap_BuildsCompleteInterface" classname="ConwayGameOfLife.Tests.LifeTerminalBootstrapTests" runstate="Runnable" seed="1701987435" result="Passed" start-time="2026-09-15 12:43:32Z" end-time="2026-09-15 12:43:32Z" duration="0.034725" asserts="0">
              <properties>
                <property name="_JOINTYPE" value="UnityCombinatorial" />
                <property name="retryIteration" value="0" />
                <property name="repeatIteration" value="0" />
              </properties>
            </test-case>
            <test-case id="1070" name="Bootstrap_IsIdempotent" fullname="ConwayGameOfLife.Tests.LifeTerminalBootstrapTests.Bootstrap_IsIdempotent" methodname="Bootstrap_IsIdempotent" classname="ConwayGameOfLife.Tests.LifeTerminalBootstrapTests" runstate="Runnable" seed="952713841" result="Passed" start-time="2026-09-15 12:43:32Z" end-time="2026-09-15 12:43:33Z" duration="0.031722" asserts="0">
              <properties>
                <property name="_JOINTYPE" value="UnityCombinatorial" />
                <property name="retryIteration" value="0" />
                <property name="repeatIteration" value="0" />
              </properties>
            </test-case>
            <test-case id="1069" name="Bootstrap_LoadsTheRuntimeThemeAndAppliesStyles" fullname="ConwayGameOfLife.Tests.LifeTerminalBootstrapTests.Bootstrap_LoadsTheRuntimeThemeAndAppliesStyles" methodname="Bootstrap_LoadsTheRuntimeThemeAndAppliesStyles" classname="ConwayGameOfLife.Tests.LifeTerminalBootstrapTests" runstate="Runnable" seed="1137842413" result="Passed" start-time="2026-09-15 12:43:33Z" end-time="2026-09-15 12:43:33Z" duration="0.034299" asserts="0">
              <properties>
                <property name="_JOINTYPE" value="UnityCombinatorial" />
                <property name="retryIteration" value="0" />
                <property name="repeatIteration" value="0" />
              </properties>
            </test-case>
            <test-case id="1082" name="Clock_RunsAtTheRequestedRateAcrossRealFrames" fullname="ConwayGameOfLife.Tests.LifeTerminalBootstrapTests.Clock_RunsAtTheRequestedRateAcrossRealFrames" methodname="Clock_RunsAtTheRequestedRateAcrossRealFrames" classname="ConwayGameOfLife.Tests.LifeTerminalBootstrapTests" runstate="Runnable" seed="1414262252" result="Passed" start-time="2026-09-15 12:43:33Z" end-time="2026-09-15 12:43:38Z" duration="5.732468" asserts="0">
              <properties>
                <property name="_JOINTYPE" value="UnityCombinatorial" />
                <property name="retryIteration" value="0" />
                <property name="repeatIteration" value="0" />
              </properties>
              <output><![CDATA[[clock-running] requested=20 gen/s  achieved=19.9 gen/s  advanced=40 generations  elapsed=2.01s over 241 frames  meanFrameMs=8.320  worstFrameMs=10.152  runtime=Unity Editor PlayMode (NOT a Player build)
[clock-running] requested=20 gen/s  achieved=19.9 gen/s  advanced=40 generations  elapsed=2.01s over 241 frames  meanFrameMs=8.320  worstFrameMs=10.152  runtime=Unity Editor PlayMode (NOT a Player build)
[clock-running] CPU engine step cost while evolving: 1.8333 ms/generation (2000 steps, board 256x256 = 65536 cells, Unity Editor runtime)
[clock-running] CPU engine step cost while evolving: 1.8333 ms/generation (2000 steps, board 256x256 = 65536 cells, Unity Editor runtime)
]]></output>
            </test-case>
            <test-case id="1081" name="Controls_AreAllInsideThePanelViewport" fullname="ConwayGameOfLife.Tests.LifeTerminalBootstrapTests.Controls_AreAllInsideThePanelViewport" methodname="Controls_AreAllInsideThePanelViewport" classname="ConwayGameOfLife.Tests.LifeTerminalBootstrapTests" runstate="Runnable" seed="446668428" result="Passed" start-time="2026-09-15 12:43:38Z" end-time="2026-09-15 12:43:38Z" duration="0.027962" asserts="0">
              <properties>
                <property name="_JOINTYPE" value="UnityCombinatorial" />
                <property name="retryIteration" value="0" />
                <property name="repeatIteration" value="0" />
              </properties>
              <output><![CDATA[[layout-fit] screen=640x480 panel=1371x1029 scale=0.4667 machineBottomOnScreen=456
[layout-fit] screen=640x480 panel=1371x1029 scale=0.4667 machineBottomOnScreen=456
]]></output>
            </test-case>
            <test-case id="1076" name="EditingTheRealBoard_PausesTheClockAndRefreshesTheReadout" fullname="ConwayGameOfLife.Tests.LifeTerminalBootstrapTests.EditingTheRealBoard_PausesTheClockAndRefreshesTheReadout" methodname="EditingTheRealBoard_PausesTheClockAndRefreshesTheReadout" classname="ConwayGameOfLife.Tests.LifeTerminalBootstrapTests" runstate="Runnable" seed="319453374" result="Passed" start-time="2026-09-15 12:43:38Z" end-time="2026-09-15 12:43:38Z" duration="0.064806" asserts="0">
              <properties>
                <property name="_JOINTYPE" value="UnityCombinatorial" />
                <property name="retryIteration" value="0" />
                <property name="repeatIteration" value="0" />
              </properties>
            </test-case>
            <test-case id="1079" name="GpuBackend_ReportsUnavailableStatisticsInsteadOfGuessing" fullname="ConwayGameOfLife.Tests.LifeTerminalBootstrapTests.GpuBackend_ReportsUnavailableStatisticsInsteadOfGuessing" methodname="GpuBackend_ReportsUnavailableStatisticsInsteadOfGuessing" classname="ConwayGameOfLife.Tests.LifeTerminalBootstrapTests" runstate="Runnable" seed="1323922441" result="Passed" start-time="2026-09-15 12:43:38Z" end-time="2026-09-15 12:43:38Z" duration="0.058075" asserts="0">
              <properties>
                <property name="_JOINTYPE" value="UnityCombinatorial" />
                <property name="retryIteration" value="0" />
                <property name="repeatIteration" value="0" />
              </properties>
            </test-case>
            <test-case id="1075" name="GridElement_PaintsAndRaisesEdited_OnItsOwnObject" fullname="ConwayGameOfLife.Tests.LifeTerminalBootstrapTests.GridElement_PaintsAndRaisesEdited_OnItsOwnObject" methodname="GridElement_PaintsAndRaisesEdited_OnItsOwnObject" classname="ConwayGameOfLife.Tests.LifeTerminalBootstrapTests" runstate="Runnable" seed="457317848" result="Passed" start-time="2026-09-15 12:43:38Z" end-time="2026-09-15 12:43:38Z" duration="0.033555" asserts="0">
              <properties>
                <property name="_JOINTYPE" value="UnityCombinatorial" />
                <property name="retryIteration" value="0" />
                <property name="repeatIteration" value="0" />
              </properties>
            </test-case>
            <test-case id="1072" name="LoadingAPreset_UpdatesTheReadouts" fullname="ConwayGameOfLife.Tests.LifeTerminalBootstrapTests.LoadingAPreset_UpdatesTheReadouts" methodname="LoadingAPreset_UpdatesTheReadouts" classname="ConwayGameOfLife.Tests.LifeTerminalBootstrapTests" runstate="Runnable" seed="328586192" result="Passed" start-time="2026-09-15 12:43:38Z" end-time="2026-09-15 12:43:39Z" duration="0.107628" asserts="0">
              <properties>
                <property name="_JOINTYPE" value="UnityCombinatorial" />
                <property name="retryIteration" value="0" />
                <property name="repeatIteration" value="0" />
              </properties>
            </test-case>
            <test-case id="1083" name="MicroBenchmark_StepCostInsideTheEditorRuntime" fullname="ConwayGameOfLife.Tests.LifeTerminalBootstrapTests.MicroBenchmark_StepCostInsideTheEditorRuntime" methodname="MicroBenchmark_StepCostInsideTheEditorRuntime" classname="ConwayGameOfLife.Tests.LifeTerminalBootstrapTests" runstate="Runnable" seed="305506030" result="Passed" start-time="2026-09-15 12:43:39Z" end-time="2026-09-15 12:44:13Z" duration="34.450919" asserts="0">
              <properties>
                <property name="_JOINTYPE" value="UnityCombinatorial" />
                <property name="retryIteration" value="0" />
                <property name="repeatIteration" value="0" />
              </properties>
              <output><![CDATA[[perf-microbench] SYNTHETIC micro-benchmark - NOT real-time gameplay. Board 256x256 = 65536 cells, backend CPU. 2000 synchronous Update() calls advanced 17350 generations in 33983.2 ms => 1.9587 ms/generation. Caveats: every call reuses one frame's unscaledDeltaTime, and SendMessage adds reflection dispatch overhead per call. Runtime: Unity Editor 6000.6.0f1 PlayMode. Cite this line as the source for any per-generation figure.
[perf-microbench] SYNTHETIC micro-benchmark - NOT real-time gameplay. Board 256x256 = 65536 cells, backend CPU. 2000 synchronous Update() calls advanced 17350 generations in 33983.2 ms => 1.9587 ms/generation. Caveats: every call reuses one frame's unscaledDeltaTime, and SendMessage adds reflection dispatch overhead per call. Runtime: Unity Editor 6000.6.0f1 PlayMode. Cite this line as the source for any per-generation figure.
]]></output>
            </test-case>
            <test-case id="1080" name="PresetArchive_ScrollsWithoutOverlappingTheBoundaryControl" fullname="ConwayGameOfLife.Tests.LifeTerminalBootstrapTests.PresetArchive_ScrollsWithoutOverlappingTheBoundaryControl" methodname="PresetArchive_ScrollsWithoutOverlappingTheBoundaryControl" classname="ConwayGameOfLife.Tests.LifeTerminalBootstrapTests" runstate="Runnable" seed="1998414076" result="Passed" start-time="2026-09-15 12:44:13Z" end-time="2026-09-15 12:44:13Z" duration="0.289393" asserts="0">
              <properties>
                <property name="_JOINTYPE" value="UnityCombinatorial" />
                <property name="retryIteration" value="0" />
                <property name="repeatIteration" value="0" />
              </properties>
            </test-case>
            <test-case id="1077" name="Reset_RestoresTheSameInitialState_AndNeverReseeds" fullname="ConwayGameOfLife.Tests.LifeTerminalBootstrapTests.Reset_RestoresTheSameInitialState_AndNeverReseeds" methodname="Reset_RestoresTheSameInitialState_AndNeverReseeds" classname="ConwayGameOfLife.Tests.LifeTerminalBootstrapTests" runstate="Runnable" seed="383304758" result="Passed" start-time="2026-09-15 12:44:13Z" end-time="2026-09-15 12:44:13Z" duration="0.131445" asserts="0">
              <properties>
                <property name="_JOINTYPE" value="UnityCombinatorial" />
                <property name="retryIteration" value="0" />
                <property name="repeatIteration" value="0" />
              </properties>
            </test-case>
            <test-case id="1073" name="RunButton_StartsAndStopsTheSimulation" fullname="ConwayGameOfLife.Tests.LifeTerminalBootstrapTests.RunButton_StartsAndStopsTheSimulation" methodname="RunButton_StartsAndStopsTheSimulation" classname="ConwayGameOfLife.Tests.LifeTerminalBootstrapTests" runstate="Runnable" seed="1543825938" result="Passed" start-time="2026-09-15 12:44:13Z" end-time="2026-09-15 12:44:13Z" duration="0.025755" asserts="0">
              <properties>
                <property name="_JOINTYPE" value="UnityCombinatorial" />
                <property name="retryIteration" value="0" />
                <property name="repeatIteration" value="0" />
              </properties>
            </test-case>
            <test-case id="1074" name="Running_ActuallyAdvancesGenerationsAcrossFrames" fullname="ConwayGameOfLife.Tests.LifeTerminalBootstrapTests.Running_ActuallyAdvancesGenerationsAcrossFrames" methodname="Running_ActuallyAdvancesGenerationsAcrossFrames" classname="ConwayGameOfLife.Tests.LifeTerminalBootstrapTests" runstate="Runnable" seed="1760816104" result="Passed" start-time="2026-09-15 12:44:13Z" end-time="2026-09-15 12:44:15Z" duration="1.601852" asserts="0">
              <properties>
                <property name="_JOINTYPE" value="UnityCombinatorial" />
                <property name="retryIteration" value="0" />
                <property name="repeatIteration" value="0" />
              </properties>
            </test-case>
            <test-case id="1071" name="SteppingThroughTheInterface_AdvancesTheGenerationCounter" fullname="ConwayGameOfLife.Tests.LifeTerminalBootstrapTests.SteppingThroughTheInterface_AdvancesTheGenerationCounter" methodname="SteppingThroughTheInterface_AdvancesTheGenerationCounter" classname="ConwayGameOfLife.Tests.LifeTerminalBootstrapTests" runstate="Runnable" seed="1879265579" result="Passed" start-time="2026-09-15 12:44:15Z" end-time="2026-09-15 12:44:15Z" duration="0.046768" asserts="0">
              <properties>
                <property name="_JOINTYPE" value="UnityCombinatorial" />
                <property name="retryIteration" value="0" />
                <property name="repeatIteration" value="0" />
              </properties>
            </test-case>
            <test-case id="1078" name="SwitchingBackend_PausesAndRestartsFromTheSameInitialState" fullname="ConwayGameOfLife.Tests.LifeTerminalBootstrapTests.SwitchingBackend_PausesAndRestartsFromTheSameInitialState" methodname="SwitchingBackend_PausesAndRestartsFromTheSameInitialState" classname="ConwayGameOfLife.Tests.LifeTerminalBootstrapTests" runstate="Runnable" seed="220669241" result="Passed" start-time="2026-09-15 12:44:15Z" end-time="2026-09-15 12:44:15Z" duration="0.089227" asserts="0">
              <properties>
                <property name="_JOINTYPE" value="UnityCombinatorial" />
                <property name="retryIteration" value="0" />
                <property name="repeatIteration" value="0" />
              </properties>
              <output><![CDATA[Saving results to: C:/Users/12542/AppData/LocalLow/DefaultCompany/ConwayGameOfLife\TestResults.xml
Saving results to: C:/Users/12542/AppData/LocalLow/DefaultCompany/ConwayGameOfLife\TestResults.xml
]]></output>
            </test-case>
          </test-suite>
        </test-suite>
      </test-suite>
    </test-suite>
  </test-suite>
</test-run>