<?xml version="1.0" encoding="utf-8"?>
<test-run id="2" testcasecount="52" result="Passed" total="52" passed="52" failed="0" inconclusive="0" skipped="0" asserts="0" engine-version="3.5.0.0" clr-version="4.0.30319.42000" start-time="2026-09-15 11:14:20Z" end-time="2026-09-15 11:14:20Z" duration="0.7633589">
  <test-suite type="TestSuite" id="1000" name="ConwayGameOfLife" fullname="ConwayGameOfLife" runstate="Runnable" testcasecount="52" result="Passed" start-time="2026-09-15 11:14:20Z" end-time="2026-09-15 11:14:20Z" duration="0.763359" total="52" passed="52" failed="0" inconclusive="0" skipped="0" asserts="0">
    <properties>
      <property name="platform" value="EditMode" />
    </properties>
    <test-suite type="Assembly" id="1056" name="ConwayGameOfLife.Tests.EditMode.dll" fullname="C:/Users/12542/ConwayGameOfLife/Library/ScriptAssemblies/ConwayGameOfLife.Tests.EditMode.dll" runstate="Runnable" testcasecount="52" result="Passed" start-time="2026-09-15 11:14:20Z" end-time="2026-09-15 11:14:20Z" duration="0.751015" total="52" passed="52" failed="0" inconclusive="0" skipped="0" asserts="0">
      <properties>
        <property name="_PID" value="81864" />
        <property name="_APPDOMAIN" value="Unity Child Domain" />
        <property name="platform" value="EditMode" />
        <property name="EditorOnly" value="True" />
      </properties>
      <test-suite type="TestSuite" id="1057" name="ConwayGameOfLife" fullname="ConwayGameOfLife" runstate="Runnable" testcasecount="52" result="Passed" start-time="2026-09-15 11:14:20Z" end-time="2026-09-15 11:14:20Z" duration="0.748823" total="52" passed="52" failed="0" inconclusive="0" skipped="0" asserts="0">
        <properties />
        <test-suite type="TestSuite" id="1058" name="Tests" fullname="ConwayGameOfLife.Tests" runstate="Runnable" testcasecount="52" result="Passed" start-time="2026-09-15 11:14:20Z" end-time="2026-09-15 11:14:20Z" duration="0.746495" total="52" passed="52" failed="0" inconclusive="0" skipped="0" asserts="0">
          <properties />
          <test-suite type="TestFixture" id="1001" name="LifeNoiseSeedingTests" fullname="ConwayGameOfLife.Tests.LifeNoiseSeedingTests" classname="ConwayGameOfLife.Tests.LifeNoiseSeedingTests" runstate="Runnable" testcasecount="15" result="Passed" start-time="2026-09-15 11:14:20Z" end-time="2026-09-15 11:14:20Z" duration="0.650865" total="15" passed="15" failed="0" inconclusive="0" skipped="0" asserts="0">
            <properties />
            <test-case id="1004" name="BoardIsBinaryAndFillsEveryCell" fullname="ConwayGameOfLife.Tests.LifeNoiseSeedingTests.BoardIsBinaryAndFillsEveryCell" methodname="BoardIsBinaryAndFillsEveryCell" classname="ConwayGameOfLife.Tests.LifeNoiseSeedingTests" runstate="Runnable" seed="446814948" result="Passed" start-time="2026-09-15 11:14:20Z" end-time="2026-09-15 11:14:20Z" duration="0.116674" asserts="0">
              <properties>
                <property name="retryIteration" value="0" />
                <property name="repeatIteration" value="0" />
              </properties>
            </test-case>
            <test-case id="1010" name="ClusterSize_GrowsWithScale" fullname="ConwayGameOfLife.Tests.LifeNoiseSeedingTests.ClusterSize_GrowsWithScale" methodname="ClusterSize_GrowsWithScale" classname="ConwayGameOfLife.Tests.LifeNoiseSeedingTests" runstate="Runnable" seed="102061929" result="Passed" start-time="2026-09-15 11:14:20Z" end-time="2026-09-15 11:14:20Z" duration="0.056718" asserts="0">
              <properties>
                <property name="retryIteration" value="0" />
                <property name="repeatIteration" value="0" />
              </properties>
            </test-case>
            <test-case id="1009" name="ClusterStrengthAboveZero_ClustersMoreThanUniform" fullname="ConwayGameOfLife.Tests.LifeNoiseSeedingTests.ClusterStrengthAboveZero_ClustersMoreThanUniform" methodname="ClusterStrengthAboveZero_ClustersMoreThanUniform" classname="ConwayGameOfLife.Tests.LifeNoiseSeedingTests" runstate="Runnable" seed="684786325" result="Passed" start-time="2026-09-15 11:14:20Z" end-time="2026-09-15 11:14:20Z" duration="0.024626" asserts="0">
              <properties>
                <property name="retryIteration" value="0" />
                <property name="repeatIteration" value="0" />
              </properties>
            </test-case>
            <test-case id="1005" name="ClusterStrengthZero_IsExactlyTheUniformMode" fullname="ConwayGameOfLife.Tests.LifeNoiseSeedingTests.ClusterStrengthZero_IsExactlyTheUniformMode" methodname="ClusterStrengthZero_IsExactlyTheUniformMode" classname="ConwayGameOfLife.Tests.LifeNoiseSeedingTests" runstate="Runnable" seed="930605595" result="Passed" start-time="2026-09-15 11:14:20Z" end-time="2026-09-15 11:14:20Z" duration="0.064877" asserts="0">
              <properties>
                <property name="retryIteration" value="0" />
                <property name="repeatIteration" value="0" />
              </properties>
            </test-case>
            <test-case id="1006" name="ClusterStrengthZero_RealisesTheRequestedDensity" fullname="ConwayGameOfLife.Tests.LifeNoiseSeedingTests.ClusterStrengthZero_RealisesTheRequestedDensity" methodname="ClusterStrengthZero_RealisesTheRequestedDensity" classname="ConwayGameOfLife.Tests.LifeNoiseSeedingTests" runstate="Runnable" seed="1444579210" result="Passed" start-time="2026-09-15 11:14:20Z" end-time="2026-09-15 11:14:20Z" duration="0.027147" asserts="0">
              <properties>
                <property name="retryIteration" value="0" />
                <property name="repeatIteration" value="0" />
              </properties>
            </test-case>
            <test-case id="1003" name="DifferentSeed_ProducesADifferentBoard" fullname="ConwayGameOfLife.Tests.LifeNoiseSeedingTests.DifferentSeed_ProducesADifferentBoard" methodname="DifferentSeed_ProducesADifferentBoard" classname="ConwayGameOfLife.Tests.LifeNoiseSeedingTests" runstate="Runnable" seed="83321004" result="Passed" start-time="2026-09-15 11:14:20Z" end-time="2026-09-15 11:14:20Z" duration="0.072797" asserts="0">
              <properties>
                <property name="retryIteration" value="0" />
                <property name="repeatIteration" value="0" />
              </properties>
            </test-case>
            <test-case id="1013" name="Fbm_StaysInRange" fullname="ConwayGameOfLife.Tests.LifeNoiseSeedingTests.Fbm_StaysInRange" methodname="Fbm_StaysInRange" classname="ConwayGameOfLife.Tests.LifeNoiseSeedingTests" runstate="Runnable" seed="694545871" result="Passed" start-time="2026-09-15 11:14:20Z" end-time="2026-09-15 11:14:20Z" duration="0.003566" asserts="0">
              <properties>
                <property name="retryIteration" value="0" />
                <property name="repeatIteration" value="0" />
              </properties>
            </test-case>
            <test-case id="1015" name="Generate_RejectsBadArguments" fullname="ConwayGameOfLife.Tests.LifeNoiseSeedingTests.Generate_RejectsBadArguments" methodname="Generate_RejectsBadArguments" classname="ConwayGameOfLife.Tests.LifeNoiseSeedingTests" runstate="Runnable" seed="1781782293" result="Passed" start-time="2026-09-15 11:14:20Z" end-time="2026-09-15 11:14:20Z" duration="0.001518" asserts="0">
              <properties>
                <property name="retryIteration" value="0" />
                <property name="repeatIteration" value="0" />
              </properties>
            </test-case>
            <test-case id="1014" name="Hash_IsStableForFixedInputs" fullname="ConwayGameOfLife.Tests.LifeNoiseSeedingTests.Hash_IsStableForFixedInputs" methodname="Hash_IsStableForFixedInputs" classname="ConwayGameOfLife.Tests.LifeNoiseSeedingTests" runstate="Runnable" seed="859240227" result="Passed" start-time="2026-09-15 11:14:20Z" end-time="2026-09-15 11:14:20Z" duration="0.000516" asserts="0">
              <properties>
                <property name="retryIteration" value="0" />
                <property name="repeatIteration" value="0" />
              </properties>
            </test-case>
            <test-case id="1016" name="Parameters_ClampOutOfRangeInputs" fullname="ConwayGameOfLife.Tests.LifeNoiseSeedingTests.Parameters_ClampOutOfRangeInputs" methodname="Parameters_ClampOutOfRangeInputs" classname="ConwayGameOfLife.Tests.LifeNoiseSeedingTests" runstate="Runnable" seed="1570137722" result="Passed" start-time="2026-09-15 11:14:20Z" end-time="2026-09-15 11:14:20Z" duration="0.000167" asserts="0">
              <properties>
                <property name="retryIteration" value="0" />
                <property name="repeatIteration" value="0" />
              </properties>
            </test-case>
            <test-case id="1011" name="RealisedDensityMovesAwayFromTheBaseProbability_WhenClustering" fullname="ConwayGameOfLife.Tests.LifeNoiseSeedingTests.RealisedDensityMovesAwayFromTheBaseProbability_WhenClustering" methodname="RealisedDensityMovesAwayFromTheBaseProbability_WhenClustering" classname="ConwayGameOfLife.Tests.LifeNoiseSeedingTests" runstate="Runnable" seed="742078500" result="Passed" start-time="2026-09-15 11:14:20Z" end-time="2026-09-15 11:14:20Z" duration="0.024939" asserts="0">
              <properties>
                <property name="retryIteration" value="0" />
                <property name="repeatIteration" value="0" />
              </properties>
            </test-case>
            <test-case id="1002" name="SameParameters_ProduceTheIdenticalBoard" fullname="ConwayGameOfLife.Tests.LifeNoiseSeedingTests.SameParameters_ProduceTheIdenticalBoard" methodname="SameParameters_ProduceTheIdenticalBoard" classname="ConwayGameOfLife.Tests.LifeNoiseSeedingTests" runstate="Runnable" seed="2058636161" result="Passed" start-time="2026-09-15 11:14:20Z" end-time="2026-09-15 11:14:20Z" duration="0.100439" asserts="0">
              <properties>
                <property name="retryIteration" value="0" />
                <property name="repeatIteration" value="0" />
              </properties>
            </test-case>
            <test-case id="1012" name="ValueNoise_StaysInRange" fullname="ConwayGameOfLife.Tests.LifeNoiseSeedingTests.ValueNoise_StaysInRange" methodname="ValueNoise_StaysInRange" classname="ConwayGameOfLife.Tests.LifeNoiseSeedingTests" runstate="Runnable" seed="860501150" result="Passed" start-time="2026-09-15 11:14:20Z" end-time="2026-09-15 11:14:20Z" duration="0.003237" asserts="0">
              <properties>
                <property name="retryIteration" value="0" />
                <property name="repeatIteration" value="0" />
              </properties>
            </test-case>
            <test-case id="1008" name="WarpStrengthAboveZero_ActuallyChangesTheBoard" fullname="ConwayGameOfLife.Tests.LifeNoiseSeedingTests.WarpStrengthAboveZero_ActuallyChangesTheBoard" methodname="WarpStrengthAboveZero_ActuallyChangesTheBoard" classname="ConwayGameOfLife.Tests.LifeNoiseSeedingTests" runstate="Runnable" seed="942970134" result="Passed" start-time="2026-09-15 11:14:20Z" end-time="2026-09-15 11:14:20Z" duration="0.058138" asserts="0">
              <properties>
                <property name="retryIteration" value="0" />
                <property name="repeatIteration" value="0" />
              </properties>
            </test-case>
            <test-case id="1007" name="WarpStrengthZero_IsExactlyTheUnwarpedField" fullname="ConwayGameOfLife.Tests.LifeNoiseSeedingTests.WarpStrengthZero_IsExactlyTheUnwarpedField" methodname="WarpStrengthZero_IsExactlyTheUnwarpedField" classname="ConwayGameOfLife.Tests.LifeNoiseSeedingTests" runstate="Runnable" seed="1050744081" result="Passed" start-time="2026-09-15 11:14:20Z" end-time="2026-09-15 11:14:20Z" duration="0.079055" asserts="0">
              <properties>
                <property name="retryIteration" value="0" />
                <property name="repeatIteration" value="0" />
              </properties>
            </test-case>
          </test-suite>
          <test-suite type="TestFixture" id="1017" name="LifePatternTests" fullname="ConwayGameOfLife.Tests.LifePatternTests" classname="ConwayGameOfLife.Tests.LifePatternTests" runstate="Runnable" testcasecount="13" result="Passed" start-time="2026-09-15 11:14:20Z" end-time="2026-09-15 11:14:20Z" duration="0.032485" total="13" passed="13" failed="0" inconclusive="0" skipped="0" asserts="0">
            <properties />
            <test-case id="1018" name="Archive_CoversEveryRequiredCategory" fullname="ConwayGameOfLife.Tests.LifePatternTests.Archive_CoversEveryRequiredCategory" methodname="Archive_CoversEveryRequiredCategory" classname="ConwayGameOfLife.Tests.LifePatternTests" runstate="Runnable" seed="506733178" result="Passed" start-time="2026-09-15 11:14:20Z" end-time="2026-09-15 11:14:20Z" duration="0.001402" asserts="0">
              <properties>
                <property name="retryIteration" value="0" />
                <property name="repeatIteration" value="0" />
              </properties>
            </test-case>
            <test-case id="1019" name="Archive_HasUniqueEnglishNames" fullname="ConwayGameOfLife.Tests.LifePatternTests.Archive_HasUniqueEnglishNames" methodname="Archive_HasUniqueEnglishNames" classname="ConwayGameOfLife.Tests.LifePatternTests" runstate="Runnable" seed="1019343557" result="Passed" start-time="2026-09-15 11:14:20Z" end-time="2026-09-15 11:14:20Z" duration="0.000233" asserts="0">
              <properties>
                <property name="retryIteration" value="0" />
                <property name="repeatIteration" value="0" />
              </properties>
            </test-case>
            <test-case id="1024" name="EveryNonStillLife_DoesNotRepeatBeforeItsDeclaredPeriod" fullname="ConwayGameOfLife.Tests.LifePatternTests.EveryNonStillLife_DoesNotRepeatBeforeItsDeclaredPeriod" methodname="EveryNonStillLife_DoesNotRepeatBeforeItsDeclaredPeriod" classname="ConwayGameOfLife.Tests.LifePatternTests" runstate="Runnable" seed="2088561351" result="Passed" start-time="2026-09-15 11:14:20Z" end-time="2026-09-15 11:14:20Z" duration="0.003919" asserts="0">
              <properties>
                <property name="retryIteration" value="0" />
                <property name="repeatIteration" value="0" />
              </properties>
            </test-case>
            <test-case id="1020" name="EveryPattern_HasCellsAndConsistentPeriod" fullname="ConwayGameOfLife.Tests.LifePatternTests.EveryPattern_HasCellsAndConsistentPeriod" methodname="EveryPattern_HasCellsAndConsistentPeriod" classname="ConwayGameOfLife.Tests.LifePatternTests" runstate="Runnable" seed="1278464695" result="Passed" start-time="2026-09-15 11:14:20Z" end-time="2026-09-15 11:14:20Z" duration="0.000348" asserts="0">
              <properties>
                <property name="retryIteration" value="0" />
                <property name="repeatIteration" value="0" />
              </properties>
            </test-case>
            <test-case id="1029" name="Glider_TravelsOneCellDiagonallyPerPeriod" fullname="ConwayGameOfLife.Tests.LifePatternTests.Glider_TravelsOneCellDiagonallyPerPeriod" methodname="Glider_TravelsOneCellDiagonallyPerPeriod" classname="ConwayGameOfLife.Tests.LifePatternTests" runstate="Runnable" seed="1449096188" result="Passed" start-time="2026-09-15 11:14:20Z" end-time="2026-09-15 11:14:20Z" duration="0.003279" asserts="0">
              <properties>
                <property name="retryIteration" value="0" />
                <property name="repeatIteration" value="0" />
              </properties>
            </test-case>
            <test-case id="1022" name="Oscillators_ReturnToTheirExactShapeAfterTheirPeriod" fullname="ConwayGameOfLife.Tests.LifePatternTests.Oscillators_ReturnToTheirExactShapeAfterTheirPeriod" methodname="Oscillators_ReturnToTheirExactShapeAfterTheirPeriod" classname="ConwayGameOfLife.Tests.LifePatternTests" runstate="Runnable" seed="440780864" result="Passed" start-time="2026-09-15 11:14:20Z" end-time="2026-09-15 11:14:20Z" duration="0.000704" asserts="0">
              <properties>
                <property name="retryIteration" value="0" />
                <property name="repeatIteration" value="0" />
              </properties>
            </test-case>
            <test-case id="1023" name="PeriodicOscillators_ReturnToTheirExactShapeAfterTheirPeriod" fullname="ConwayGameOfLife.Tests.LifePatternTests.PeriodicOscillators_ReturnToTheirExactShapeAfterTheirPeriod" methodname="PeriodicOscillators_ReturnToTheirExactShapeAfterTheirPeriod" classname="ConwayGameOfLife.Tests.LifePatternTests" runstate="Runnable" seed="1626019047" result="Passed" start-time="2026-09-15 11:14:20Z" end-time="2026-09-15 11:14:20Z" duration="0.002389" asserts="0">
              <properties>
                <property name="retryIteration" value="0" />
                <property name="repeatIteration" value="0" />
              </properties>
            </test-case>
            <test-case id="1030" name="Pulsar_HasExactlyFortyEightCellsAndPeriodThree" fullname="ConwayGameOfLife.Tests.LifePatternTests.Pulsar_HasExactlyFortyEightCellsAndPeriodThree" methodname="Pulsar_HasExactlyFortyEightCellsAndPeriodThree" classname="ConwayGameOfLife.Tests.LifePatternTests" runstate="Runnable" seed="982570006" result="Passed" start-time="2026-09-15 11:14:20Z" end-time="2026-09-15 11:14:20Z" duration="0.000375" asserts="0">
              <properties>
                <property name="retryIteration" value="0" />
                <property name="repeatIteration" value="0" />
              </properties>
            </test-case>
            <test-case id="1027" name="SpaceshipPeriodCheck_RejectsAMisdeclaredPeriod" fullname="ConwayGameOfLife.Tests.LifePatternTests.SpaceshipPeriodCheck_RejectsAMisdeclaredPeriod" methodname="SpaceshipPeriodCheck_RejectsAMisdeclaredPeriod" classname="ConwayGameOfLife.Tests.LifePatternTests" runstate="Runnable" seed="685531550" result="Passed" start-time="2026-09-15 11:14:20Z" end-time="2026-09-15 11:14:20Z" duration="0.009554" asserts="0">
              <properties>
                <property name="retryIteration" value="0" />
                <property name="repeatIteration" value="0" />
              </properties>
            </test-case>
            <test-case id="1028" name="Spaceships_AlsoRepeatInTranslationExactlyOnePeriodLater" fullname="ConwayGameOfLife.Tests.LifePatternTests.Spaceships_AlsoRepeatInTranslationExactlyOnePeriodLater" methodname="Spaceships_AlsoRepeatInTranslationExactlyOnePeriodLater" classname="ConwayGameOfLife.Tests.LifePatternTests" runstate="Runnable" seed="1090294112" result="Passed" start-time="2026-09-15 11:14:20Z" end-time="2026-09-15 11:14:20Z" duration="0.001118" asserts="0">
              <properties>
                <property name="retryIteration" value="0" />
                <property name="repeatIteration" value="0" />
              </properties>
            </test-case>
            <test-case id="1026" name="Spaceships_HaveNoEarlierTranslatedRepeat" fullname="ConwayGameOfLife.Tests.LifePatternTests.Spaceships_HaveNoEarlierTranslatedRepeat" methodname="Spaceships_HaveNoEarlierTranslatedRepeat" classname="ConwayGameOfLife.Tests.LifePatternTests" runstate="Runnable" seed="277585675" result="Passed" start-time="2026-09-15 11:14:20Z" end-time="2026-09-15 11:14:20Z" duration="0.003540" asserts="0">
              <properties>
                <property name="retryIteration" value="0" />
                <property name="repeatIteration" value="0" />
              </properties>
            </test-case>
            <test-case id="1025" name="Spaceships_TranslateTheirWholeShapeByAConsistentOffset" fullname="ConwayGameOfLife.Tests.LifePatternTests.Spaceships_TranslateTheirWholeShapeByAConsistentOffset" methodname="Spaceships_TranslateTheirWholeShapeByAConsistentOffset" classname="ConwayGameOfLife.Tests.LifePatternTests" runstate="Runnable" seed="290545195" result="Passed" start-time="2026-09-15 11:14:20Z" end-time="2026-09-15 11:14:20Z" duration="0.002110" asserts="0">
              <properties>
                <property name="retryIteration" value="0" />
                <property name="repeatIteration" value="0" />
              </properties>
            </test-case>
            <test-case id="1021" name="StillLifes_AreCompletelyUnchangedByEveryGeneration" fullname="ConwayGameOfLife.Tests.LifePatternTests.StillLifes_AreCompletelyUnchangedByEveryGeneration" methodname="StillLifes_AreCompletelyUnchangedByEveryGeneration" classname="ConwayGameOfLife.Tests.LifePatternTests" runstate="Runnable" seed="721638606" result="Passed" start-time="2026-09-15 11:14:20Z" end-time="2026-09-15 11:14:20Z" duration="0.001195" asserts="0">
              <properties>
                <property name="retryIteration" value="0" />
                <property name="repeatIteration" value="0" />
              </properties>
            </test-case>
          </test-suite>
          <test-suite type="TestFixture" id="1031" name="LifeSimulationTests" fullname="ConwayGameOfLife.Tests.LifeSimulationTests" classname="ConwayGameOfLife.Tests.LifeSimulationTests" runstate="Runnable" testcasecount="24" result="Passed" start-time="2026-09-15 11:14:20Z" end-time="2026-09-15 11:14:20Z" duration="0.060842" total="24" passed="24" failed="0" inconclusive="0" skipped="0" asserts="0">
            <properties />
            <test-case id="1041" name="Clear_ResetsBoardGenerationAndPopulation" fullname="ConwayGameOfLife.Tests.LifeSimulationTests.Clear_ResetsBoardGenerationAndPopulation" methodname="Clear_ResetsBoardGenerationAndPopulation" classname="ConwayGameOfLife.Tests.LifeSimulationTests" runstate="Runnable" seed="1807318869" result="Passed" start-time="2026-09-15 11:14:20Z" end-time="2026-09-15 11:14:20Z" duration="0.000614" asserts="0">
              <properties>
                <property name="retryIteration" value="0" />
                <property name="repeatIteration" value="0" />
              </properties>
            </test-case>
            <test-case id="1032" name="Constructor_RejectsNonPositiveDimensions" fullname="ConwayGameOfLife.Tests.LifeSimulationTests.Constructor_RejectsNonPositiveDimensions" methodname="Constructor_RejectsNonPositiveDimensions" classname="ConwayGameOfLife.Tests.LifeSimulationTests" runstate="Runnable" seed="881693948" result="Passed" start-time="2026-09-15 11:14:20Z" end-time="2026-09-15 11:14:20Z" duration="0.000502" asserts="0">
              <properties>
                <property name="retryIteration" value="0" />
                <property name="repeatIteration" value="0" />
              </properties>
            </test-case>
            <test-case id="1042" name="LoadCentered_CentersThePatternAndResetsState" fullname="ConwayGameOfLife.Tests.LifeSimulationTests.LoadCentered_CentersThePatternAndResetsState" methodname="LoadCentered_CentersThePatternAndResetsState" classname="ConwayGameOfLife.Tests.LifeSimulationTests" runstate="Runnable" seed="929333831" result="Passed" start-time="2026-09-15 11:14:20Z" end-time="2026-09-15 11:14:20Z" duration="0.000510" asserts="0">
              <properties>
                <property name="retryIteration" value="0" />
                <property name="repeatIteration" value="0" />
              </properties>
            </test-case>
            <test-case id="1033" name="NewSimulation_StartsEmptyAtGenerationZero" fullname="ConwayGameOfLife.Tests.LifeSimulationTests.NewSimulation_StartsEmptyAtGenerationZero" methodname="NewSimulation_StartsEmptyAtGenerationZero" classname="ConwayGameOfLife.Tests.LifeSimulationTests" runstate="Runnable" seed="1432828" result="Passed" start-time="2026-09-15 11:14:20Z" end-time="2026-09-15 11:14:20Z" duration="0.000139" asserts="0">
              <properties>
                <property name="retryIteration" value="0" />
                <property name="repeatIteration" value="0" />
              </properties>
            </test-case>
            <test-case id="1053" name="PanelFit_HeightShortageIsNotFixedByStacking" fullname="ConwayGameOfLife.Tests.LifeSimulationTests.PanelFit_HeightShortageIsNotFixedByStacking" methodname="PanelFit_HeightShortageIsNotFixedByStacking" classname="ConwayGameOfLife.Tests.LifeSimulationTests" runstate="Runnable" seed="1674932525" result="Passed" start-time="2026-09-15 11:14:20Z" end-time="2026-09-15 11:14:20Z" duration="0.000386" asserts="0">
              <properties>
                <property name="retryIteration" value="0" />
                <property name="repeatIteration" value="0" />
              </properties>
            </test-case>
            <test-case id="1046" name="PanelFit_LinearAndLogarithmicFormsDifferOffSixteenByNine" fullname="ConwayGameOfLife.Tests.LifeSimulationTests.PanelFit_LinearAndLogarithmicFormsDifferOffSixteenByNine" methodname="PanelFit_LinearAndLogarithmicFormsDifferOffSixteenByNine" classname="ConwayGameOfLife.Tests.LifeSimulationTests" runstate="Runnable" seed="703721763" result="Passed" start-time="2026-09-15 11:14:20Z" end-time="2026-09-15 11:14:20Z" duration="0.000893" asserts="0">
              <properties>
                <property name="retryIteration" value="0" />
                <property name="repeatIteration" value="0" />
              </properties>
            </test-case>
            <test-case id="1052" name="PanelFit_MatchesTheLinearFormulaDirectly" fullname="ConwayGameOfLife.Tests.LifeSimulationTests.PanelFit_MatchesTheLinearFormulaDirectly" methodname="PanelFit_MatchesTheLinearFormulaDirectly" classname="ConwayGameOfLife.Tests.LifeSimulationTests" runstate="Runnable" seed="465388554" result="Passed" start-time="2026-09-15 11:14:20Z" end-time="2026-09-15 11:14:20Z" duration="0.000292" asserts="0">
              <properties>
                <property name="retryIteration" value="0" />
                <property name="repeatIteration" value="0" />
              </properties>
            </test-case>
            <test-case id="1045" name="PanelFit_MatchesTheRunningPlayerAtEveryMeasuredResolution" fullname="ConwayGameOfLife.Tests.LifeSimulationTests.PanelFit_MatchesTheRunningPlayerAtEveryMeasuredResolution" methodname="PanelFit_MatchesTheRunningPlayerAtEveryMeasuredResolution" classname="ConwayGameOfLife.Tests.LifeSimulationTests" runstate="Runnable" seed="1871969215" result="Passed" start-time="2026-09-15 11:14:20Z" end-time="2026-09-15 11:14:20Z" duration="0.000341" asserts="0">
              <properties>
                <property name="retryIteration" value="0" />
                <property name="repeatIteration" value="0" />
              </properties>
            </test-case>
            <test-case id="1051" name="PanelFit_PortraitViewportStacksInsteadOfSqueezingTwoColumns" fullname="ConwayGameOfLife.Tests.LifeSimulationTests.PanelFit_PortraitViewportStacksInsteadOfSqueezingTwoColumns" methodname="PanelFit_PortraitViewportStacksInsteadOfSqueezingTwoColumns" classname="ConwayGameOfLife.Tests.LifeSimulationTests" runstate="Runnable" seed="690709566" result="Passed" start-time="2026-09-15 11:14:20Z" end-time="2026-09-15 11:14:20Z" duration="0.000181" asserts="0">
              <properties>
                <property name="retryIteration" value="0" />
                <property name="repeatIteration" value="0" />
              </properties>
            </test-case>
            <test-case id="1055" name="PanelFit_RejectsNonPositiveDimensions" fullname="ConwayGameOfLife.Tests.LifeSimulationTests.PanelFit_RejectsNonPositiveDimensions" methodname="PanelFit_RejectsNonPositiveDimensions" classname="ConwayGameOfLife.Tests.LifeSimulationTests" runstate="Runnable" seed="109266956" result="Passed" start-time="2026-09-15 11:14:20Z" end-time="2026-09-15 11:14:20Z" duration="0.000299" asserts="0">
              <properties>
                <property name="retryIteration" value="0" />
                <property name="repeatIteration" value="0" />
              </properties>
            </test-case>
            <test-case id="1047" name="PanelFit_ScaleIsNeverMoreGenerousThanTheObservedEditorPanel" fullname="ConwayGameOfLife.Tests.LifeSimulationTests.PanelFit_ScaleIsNeverMoreGenerousThanTheObservedEditorPanel" methodname="PanelFit_ScaleIsNeverMoreGenerousThanTheObservedEditorPanel" classname="ConwayGameOfLife.Tests.LifeSimulationTests" runstate="Runnable" seed="708359429" result="Passed" start-time="2026-09-15 11:14:20Z" end-time="2026-09-15 11:14:20Z" duration="0.000195" asserts="0">
              <properties>
                <property name="retryIteration" value="0" />
                <property name="repeatIteration" value="0" />
              </properties>
            </test-case>
            <test-case id="1049" name="PanelFit_StackedLayoutFitsInTheCasesItIsChosenFor" fullname="ConwayGameOfLife.Tests.LifeSimulationTests.PanelFit_StackedLayoutFitsInTheCasesItIsChosenFor" methodname="PanelFit_StackedLayoutFitsInTheCasesItIsChosenFor" classname="ConwayGameOfLife.Tests.LifeSimulationTests" runstate="Runnable" seed="2036033651" result="Passed" start-time="2026-09-15 11:14:20Z" end-time="2026-09-15 11:14:20Z" duration="0.000223" asserts="0">
              <properties>
                <property name="retryIteration" value="0" />
                <property name="repeatIteration" value="0" />
              </properties>
            </test-case>
            <test-case id="1048" name="PanelFit_TargetResolutionsExposeTheWholeDesignSpace" fullname="ConwayGameOfLife.Tests.LifeSimulationTests.PanelFit_TargetResolutionsExposeTheWholeDesignSpace" methodname="PanelFit_TargetResolutionsExposeTheWholeDesignSpace" classname="ConwayGameOfLife.Tests.LifeSimulationTests" runstate="Runnable" seed="522197665" result="Passed" start-time="2026-09-15 11:14:20Z" end-time="2026-09-15 11:14:20Z" duration="0.000341" asserts="0">
              <properties>
                <property name="retryIteration" value="0" />
                <property name="repeatIteration" value="0" />
              </properties>
            </test-case>
            <test-case id="1050" name="PanelFit_TargetResolutionsKeepTheTwoColumnLayout" fullname="ConwayGameOfLife.Tests.LifeSimulationTests.PanelFit_TargetResolutionsKeepTheTwoColumnLayout" methodname="PanelFit_TargetResolutionsKeepTheTwoColumnLayout" classname="ConwayGameOfLife.Tests.LifeSimulationTests" runstate="Runnable" seed="1898253683" result="Passed" start-time="2026-09-15 11:14:20Z" end-time="2026-09-15 11:14:20Z" duration="0.000349" asserts="0">
              <properties>
                <property name="retryIteration" value="0" />
                <property name="repeatIteration" value="0" />
              </properties>
            </test-case>
            <test-case id="1054" name="PanelFit_UsesTheTwoColumnLayoutOnANonSixteenByNineViewport" fullname="ConwayGameOfLife.Tests.LifeSimulationTests.PanelFit_UsesTheTwoColumnLayoutOnANonSixteenByNineViewport" methodname="PanelFit_UsesTheTwoColumnLayoutOnANonSixteenByNineViewport" classname="ConwayGameOfLife.Tests.LifeSimulationTests" runstate="Runnable" seed="699248454" result="Passed" start-time="2026-09-15 11:14:20Z" end-time="2026-09-15 11:14:20Z" duration="0.000806" asserts="0">
              <properties>
                <property name="retryIteration" value="0" />
                <property name="repeatIteration" value="0" />
              </properties>
            </test-case>
            <test-case id="1044" name="Randomize_RejectsNullRandom" fullname="ConwayGameOfLife.Tests.LifeSimulationTests.Randomize_RejectsNullRandom" methodname="Randomize_RejectsNullRandom" classname="ConwayGameOfLife.Tests.LifeSimulationTests" runstate="Runnable" seed="1946542809" result="Passed" start-time="2026-09-15 11:14:20Z" end-time="2026-09-15 11:14:20Z" duration="0.000302" asserts="0">
              <properties>
                <property name="retryIteration" value="0" />
                <property name="repeatIteration" value="0" />
              </properties>
            </test-case>
            <test-case id="1043" name="Randomize_RespectsProbabilityBoundsAndTracksPopulation" fullname="ConwayGameOfLife.Tests.LifeSimulationTests.Randomize_RespectsProbabilityBoundsAndTracksPopulation" methodname="Randomize_RespectsProbabilityBoundsAndTracksPopulation" classname="ConwayGameOfLife.Tests.LifeSimulationTests" runstate="Runnable" seed="1081579668" result="Passed" start-time="2026-09-15 11:14:20Z" end-time="2026-09-15 11:14:20Z" duration="0.000371" asserts="0">
              <properties>
                <property name="retryIteration" value="0" />
                <property name="repeatIteration" value="0" />
              </properties>
            </test-case>
            <test-case id="1040" name="SetCell_TracksPopulationAndIgnoresOutOfBounds" fullname="ConwayGameOfLife.Tests.LifeSimulationTests.SetCell_TracksPopulationAndIgnoresOutOfBounds" methodname="SetCell_TracksPopulationAndIgnoresOutOfBounds" classname="ConwayGameOfLife.Tests.LifeSimulationTests" runstate="Runnable" seed="1674548186" result="Passed" start-time="2026-09-15 11:14:20Z" end-time="2026-09-15 11:14:20Z" duration="0.000163" asserts="0">
              <properties>
                <property name="retryIteration" value="0" />
                <property name="repeatIteration" value="0" />
              </properties>
            </test-case>
            <test-case id="1036" name="Step_BlinkerOscillatesWithPeriodTwo" fullname="ConwayGameOfLife.Tests.LifeSimulationTests.Step_BlinkerOscillatesWithPeriodTwo" methodname="Step_BlinkerOscillatesWithPeriodTwo" classname="ConwayGameOfLife.Tests.LifeSimulationTests" runstate="Runnable" seed="867074637" result="Passed" start-time="2026-09-15 11:14:20Z" end-time="2026-09-15 11:14:20Z" duration="0.000169" asserts="0">
              <properties>
                <property name="retryIteration" value="0" />
                <property name="repeatIteration" value="0" />
              </properties>
            </test-case>
            <test-case id="1034" name="Step_ImplementsBirthRule_DeadCellWithExactlyThreeNeighboursLives" fullname="ConwayGameOfLife.Tests.LifeSimulationTests.Step_ImplementsBirthRule_DeadCellWithExactlyThreeNeighboursLives" methodname="Step_ImplementsBirthRule_DeadCellWithExactlyThreeNeighboursLives" classname="ConwayGameOfLife.Tests.LifeSimulationTests" runstate="Runnable" seed="1302746108" result="Passed" start-time="2026-09-15 11:14:20Z" end-time="2026-09-15 11:14:20Z" duration="0.000122" asserts="0">
              <properties>
                <property name="retryIteration" value="0" />
                <property name="repeatIteration" value="0" />
              </properties>
            </test-case>
            <test-case id="1035" name="Step_ImplementsSurvivalRule_IgnoresOvercrowdingAndLoneliness" fullname="ConwayGameOfLife.Tests.LifeSimulationTests.Step_ImplementsSurvivalRule_IgnoresOvercrowdingAndLoneliness" methodname="Step_ImplementsSurvivalRule_IgnoresOvercrowdingAndLoneliness" classname="ConwayGameOfLife.Tests.LifeSimulationTests" runstate="Runnable" seed="1258918354" result="Passed" start-time="2026-09-15 11:14:20Z" end-time="2026-09-15 11:14:20Z" duration="0.000179" asserts="0">
              <properties>
                <property name="retryIteration" value="0" />
                <property name="repeatIteration" value="0" />
              </properties>
            </test-case>
            <test-case id="1037" name="Step_MatchesIndependentReferenceOnRandomBoards" fullname="ConwayGameOfLife.Tests.LifeSimulationTests.Step_MatchesIndependentReferenceOnRandomBoards" methodname="Step_MatchesIndependentReferenceOnRandomBoards" classname="ConwayGameOfLife.Tests.LifeSimulationTests" runstate="Runnable" seed="1335191650" result="Passed" start-time="2026-09-15 11:14:20Z" end-time="2026-09-15 11:14:20Z" duration="0.021911" asserts="0">
              <properties>
                <property name="retryIteration" value="0" />
                <property name="repeatIteration" value="0" />
              </properties>
            </test-case>
            <test-case id="1038" name="Step_WithWrapEdges_MatchesIndependentReferenceOnRandomBoards" fullname="ConwayGameOfLife.Tests.LifeSimulationTests.Step_WithWrapEdges_MatchesIndependentReferenceOnRandomBoards" methodname="Step_WithWrapEdges_MatchesIndependentReferenceOnRandomBoards" classname="ConwayGameOfLife.Tests.LifeSimulationTests" runstate="Runnable" seed="861488995" result="Passed" start-time="2026-09-15 11:14:20Z" end-time="2026-09-15 11:14:20Z" duration="0.025008" asserts="0">
              <properties>
                <property name="retryIteration" value="0" />
                <property name="repeatIteration" value="0" />
              </properties>
            </test-case>
            <test-case id="1039" name="WrapEdges_ProducesDifferentResultFromFixedBoundary" fullname="ConwayGameOfLife.Tests.LifeSimulationTests.WrapEdges_ProducesDifferentResultFromFixedBoundary" methodname="WrapEdges_ProducesDifferentResultFromFixedBoundary" classname="ConwayGameOfLife.Tests.LifeSimulationTests" runstate="Runnable" seed="1726919831" result="Passed" start-time="2026-09-15 11:14:20Z" end-time="2026-09-15 11:14:20Z" duration="0.000385" asserts="0">
              <properties>
                <property name="retryIteration" value="0" />
                <property name="repeatIteration" value="0" />
              </properties>
              <output><![CDATA[Saving results to: C:/Users/12542/AppData/LocalLow/DefaultCompany/ConwayGameOfLife\TestResults.xml
Saving results to: C:/Users/12542/AppData/LocalLow/DefaultCompany/ConwayGameOfLife\TestResults.xml
]]></output>
            </test-case>
          </test-suite>
        </test-suite>
      </test-suite>
    </test-suite>
  </test-suite>
</test-run>