<?xml version="1.0" encoding="utf-8"?>
<test-run id="2" testcasecount="32" result="Passed" total="32" passed="32" failed="0" inconclusive="0" skipped="0" asserts="0" engine-version="3.5.0.0" clr-version="4.0.30319.42000" start-time="2026-09-13 11:11:53Z" end-time="2026-09-13 11:11:53Z" duration="0.1741801">
  <test-suite type="TestSuite" id="1000" name="ConwayGameOfLife" fullname="ConwayGameOfLife" runstate="Runnable" testcasecount="32" result="Passed" start-time="2026-09-13 11:11:53Z" end-time="2026-09-13 11:11:53Z" duration="0.174180" total="32" passed="32" failed="0" inconclusive="0" skipped="0" asserts="0">
    <properties>
      <property name="platform" value="EditMode" />
    </properties>
    <test-suite type="Assembly" id="1035" name="ConwayGameOfLife.Tests.EditMode.dll" fullname="C:/Users/12542/ConwayGameOfLife/Library/ScriptAssemblies/ConwayGameOfLife.Tests.EditMode.dll" runstate="Runnable" testcasecount="32" result="Passed" start-time="2026-09-13 11:11:53Z" end-time="2026-09-13 11:11:53Z" duration="0.161897" total="32" passed="32" failed="0" inconclusive="0" skipped="0" asserts="0">
      <properties>
        <property name="_PID" value="66756" />
        <property name="_APPDOMAIN" value="Unity Child Domain" />
        <property name="platform" value="EditMode" />
        <property name="EditorOnly" value="True" />
      </properties>
      <test-suite type="TestSuite" id="1036" name="ConwayGameOfLife" fullname="ConwayGameOfLife" runstate="Runnable" testcasecount="32" result="Passed" start-time="2026-09-13 11:11:53Z" end-time="2026-09-13 11:11:53Z" duration="0.160452" total="32" passed="32" failed="0" inconclusive="0" skipped="0" asserts="0">
        <properties />
        <test-suite type="TestSuite" id="1037" name="Tests" fullname="ConwayGameOfLife.Tests" runstate="Runnable" testcasecount="32" result="Passed" start-time="2026-09-13 11:11:53Z" end-time="2026-09-13 11:11:53Z" duration="0.159164" total="32" passed="32" failed="0" inconclusive="0" skipped="0" asserts="0">
          <properties />
          <test-suite type="TestFixture" id="1001" name="LifePatternTests" fullname="ConwayGameOfLife.Tests.LifePatternTests" classname="ConwayGameOfLife.Tests.LifePatternTests" runstate="Runnable" testcasecount="13" result="Passed" start-time="2026-09-13 11:11:53Z" end-time="2026-09-13 11:11:53Z" duration="0.085466" total="13" passed="13" failed="0" inconclusive="0" skipped="0" asserts="0">
            <properties />
            <test-case id="1002" name="Archive_CoversEveryRequiredCategory" fullname="ConwayGameOfLife.Tests.LifePatternTests.Archive_CoversEveryRequiredCategory" methodname="Archive_CoversEveryRequiredCategory" classname="ConwayGameOfLife.Tests.LifePatternTests" runstate="Runnable" seed="1670343551" result="Passed" start-time="2026-09-13 11:11:53Z" end-time="2026-09-13 11:11:53Z" duration="0.014465" asserts="0">
              <properties>
                <property name="retryIteration" value="0" />
                <property name="repeatIteration" value="0" />
              </properties>
            </test-case>
            <test-case id="1003" name="Archive_HasUniqueEnglishNames" fullname="ConwayGameOfLife.Tests.LifePatternTests.Archive_HasUniqueEnglishNames" methodname="Archive_HasUniqueEnglishNames" classname="ConwayGameOfLife.Tests.LifePatternTests" runstate="Runnable" seed="968663004" result="Passed" start-time="2026-09-13 11:11:53Z" end-time="2026-09-13 11:11:53Z" duration="0.000593" asserts="0">
              <properties>
                <property name="retryIteration" value="0" />
                <property name="repeatIteration" value="0" />
              </properties>
            </test-case>
            <test-case id="1008" name="EveryNonStillLife_DoesNotRepeatBeforeItsDeclaredPeriod" fullname="ConwayGameOfLife.Tests.LifePatternTests.EveryNonStillLife_DoesNotRepeatBeforeItsDeclaredPeriod" methodname="EveryNonStillLife_DoesNotRepeatBeforeItsDeclaredPeriod" classname="ConwayGameOfLife.Tests.LifePatternTests" runstate="Runnable" seed="530297017" result="Passed" start-time="2026-09-13 11:11:53Z" end-time="2026-09-13 11:11:53Z" duration="0.019918" asserts="0">
              <properties>
                <property name="retryIteration" value="0" />
                <property name="repeatIteration" value="0" />
              </properties>
            </test-case>
            <test-case id="1004" name="EveryPattern_HasCellsAndConsistentPeriod" fullname="ConwayGameOfLife.Tests.LifePatternTests.EveryPattern_HasCellsAndConsistentPeriod" methodname="EveryPattern_HasCellsAndConsistentPeriod" classname="ConwayGameOfLife.Tests.LifePatternTests" runstate="Runnable" seed="551661255" result="Passed" start-time="2026-09-13 11:11:53Z" end-time="2026-09-13 11:11:53Z" duration="0.001115" asserts="0">
              <properties>
                <property name="retryIteration" value="0" />
                <property name="repeatIteration" value="0" />
              </properties>
            </test-case>
            <test-case id="1013" name="Glider_TravelsOneCellDiagonallyPerPeriod" fullname="ConwayGameOfLife.Tests.LifePatternTests.Glider_TravelsOneCellDiagonallyPerPeriod" methodname="Glider_TravelsOneCellDiagonallyPerPeriod" classname="ConwayGameOfLife.Tests.LifePatternTests" runstate="Runnable" seed="251189188" result="Passed" start-time="2026-09-13 11:11:53Z" end-time="2026-09-13 11:11:53Z" duration="0.004453" asserts="0">
              <properties>
                <property name="retryIteration" value="0" />
                <property name="repeatIteration" value="0" />
              </properties>
            </test-case>
            <test-case id="1006" name="Oscillators_ReturnToTheirExactShapeAfterTheirPeriod" fullname="ConwayGameOfLife.Tests.LifePatternTests.Oscillators_ReturnToTheirExactShapeAfterTheirPeriod" methodname="Oscillators_ReturnToTheirExactShapeAfterTheirPeriod" classname="ConwayGameOfLife.Tests.LifePatternTests" runstate="Runnable" seed="1023194903" result="Passed" start-time="2026-09-13 11:11:53Z" end-time="2026-09-13 11:11:53Z" duration="0.001075" asserts="0">
              <properties>
                <property name="retryIteration" value="0" />
                <property name="repeatIteration" value="0" />
              </properties>
            </test-case>
            <test-case id="1007" name="PeriodicOscillators_ReturnToTheirExactShapeAfterTheirPeriod" fullname="ConwayGameOfLife.Tests.LifePatternTests.PeriodicOscillators_ReturnToTheirExactShapeAfterTheirPeriod" methodname="PeriodicOscillators_ReturnToTheirExactShapeAfterTheirPeriod" classname="ConwayGameOfLife.Tests.LifePatternTests" runstate="Runnable" seed="414125935" result="Passed" start-time="2026-09-13 11:11:53Z" end-time="2026-09-13 11:11:53Z" duration="0.004256" asserts="0">
              <properties>
                <property name="retryIteration" value="0" />
                <property name="repeatIteration" value="0" />
              </properties>
            </test-case>
            <test-case id="1014" name="Pulsar_HasExactlyFortyEightCellsAndPeriodThree" fullname="ConwayGameOfLife.Tests.LifePatternTests.Pulsar_HasExactlyFortyEightCellsAndPeriodThree" methodname="Pulsar_HasExactlyFortyEightCellsAndPeriodThree" classname="ConwayGameOfLife.Tests.LifePatternTests" runstate="Runnable" seed="416832043" result="Passed" start-time="2026-09-13 11:11:53Z" end-time="2026-09-13 11:11:53Z" duration="0.000719" asserts="0">
              <properties>
                <property name="retryIteration" value="0" />
                <property name="repeatIteration" value="0" />
              </properties>
            </test-case>
            <test-case id="1011" name="SpaceshipPeriodCheck_RejectsAMisdeclaredPeriod" fullname="ConwayGameOfLife.Tests.LifePatternTests.SpaceshipPeriodCheck_RejectsAMisdeclaredPeriod" methodname="SpaceshipPeriodCheck_RejectsAMisdeclaredPeriod" classname="ConwayGameOfLife.Tests.LifePatternTests" runstate="Runnable" seed="844848774" result="Passed" start-time="2026-09-13 11:11:53Z" end-time="2026-09-13 11:11:53Z" duration="0.009612" asserts="0">
              <properties>
                <property name="retryIteration" value="0" />
                <property name="repeatIteration" value="0" />
              </properties>
            </test-case>
            <test-case id="1012" name="Spaceships_AlsoRepeatInTranslationExactlyOnePeriodLater" fullname="ConwayGameOfLife.Tests.LifePatternTests.Spaceships_AlsoRepeatInTranslationExactlyOnePeriodLater" methodname="Spaceships_AlsoRepeatInTranslationExactlyOnePeriodLater" classname="ConwayGameOfLife.Tests.LifePatternTests" runstate="Runnable" seed="1001842424" result="Passed" start-time="2026-09-13 11:11:53Z" end-time="2026-09-13 11:11:53Z" duration="0.001247" asserts="0">
              <properties>
                <property name="retryIteration" value="0" />
                <property name="repeatIteration" value="0" />
              </properties>
            </test-case>
            <test-case id="1010" name="Spaceships_HaveNoEarlierTranslatedRepeat" fullname="ConwayGameOfLife.Tests.LifePatternTests.Spaceships_HaveNoEarlierTranslatedRepeat" methodname="Spaceships_HaveNoEarlierTranslatedRepeat" classname="ConwayGameOfLife.Tests.LifePatternTests" runstate="Runnable" seed="1685940605" result="Passed" start-time="2026-09-13 11:11:53Z" end-time="2026-09-13 11:11:53Z" duration="0.003631" asserts="0">
              <properties>
                <property name="retryIteration" value="0" />
                <property name="repeatIteration" value="0" />
              </properties>
            </test-case>
            <test-case id="1009" name="Spaceships_TranslateTheirWholeShapeByAConsistentOffset" fullname="ConwayGameOfLife.Tests.LifePatternTests.Spaceships_TranslateTheirWholeShapeByAConsistentOffset" methodname="Spaceships_TranslateTheirWholeShapeByAConsistentOffset" classname="ConwayGameOfLife.Tests.LifePatternTests" runstate="Runnable" seed="929678145" result="Passed" start-time="2026-09-13 11:11:53Z" end-time="2026-09-13 11:11:53Z" duration="0.002281" asserts="0">
              <properties>
                <property name="retryIteration" value="0" />
                <property name="repeatIteration" value="0" />
              </properties>
            </test-case>
            <test-case id="1005" name="StillLifes_AreCompletelyUnchangedByEveryGeneration" fullname="ConwayGameOfLife.Tests.LifePatternTests.StillLifes_AreCompletelyUnchangedByEveryGeneration" methodname="StillLifes_AreCompletelyUnchangedByEveryGeneration" classname="ConwayGameOfLife.Tests.LifePatternTests" runstate="Runnable" seed="189227164" result="Passed" start-time="2026-09-13 11:11:53Z" end-time="2026-09-13 11:11:53Z" duration="0.001351" asserts="0">
              <properties>
                <property name="retryIteration" value="0" />
                <property name="repeatIteration" value="0" />
              </properties>
            </test-case>
          </test-suite>
          <test-suite type="TestFixture" id="1015" name="LifeSimulationTests" fullname="ConwayGameOfLife.Tests.LifeSimulationTests" classname="ConwayGameOfLife.Tests.LifeSimulationTests" runstate="Runnable" testcasecount="19" result="Passed" start-time="2026-09-13 11:11:53Z" end-time="2026-09-13 11:11:53Z" duration="0.069276" total="19" passed="19" failed="0" inconclusive="0" skipped="0" asserts="0">
            <properties />
            <test-case id="1025" name="Clear_ResetsBoardGenerationAndPopulation" fullname="ConwayGameOfLife.Tests.LifeSimulationTests.Clear_ResetsBoardGenerationAndPopulation" methodname="Clear_ResetsBoardGenerationAndPopulation" classname="ConwayGameOfLife.Tests.LifeSimulationTests" runstate="Runnable" seed="862486074" result="Passed" start-time="2026-09-13 11:11:53Z" end-time="2026-09-13 11:11:53Z" duration="0.000568" asserts="0">
              <properties>
                <property name="retryIteration" value="0" />
                <property name="repeatIteration" value="0" />
              </properties>
            </test-case>
            <test-case id="1016" name="Constructor_RejectsNonPositiveDimensions" fullname="ConwayGameOfLife.Tests.LifeSimulationTests.Constructor_RejectsNonPositiveDimensions" methodname="Constructor_RejectsNonPositiveDimensions" classname="ConwayGameOfLife.Tests.LifeSimulationTests" runstate="Runnable" seed="1101978667" result="Passed" start-time="2026-09-13 11:11:53Z" end-time="2026-09-13 11:11:53Z" duration="0.001469" asserts="0">
              <properties>
                <property name="retryIteration" value="0" />
                <property name="repeatIteration" value="0" />
              </properties>
            </test-case>
            <test-case id="1026" name="LoadCentered_CentersThePatternAndResetsState" fullname="ConwayGameOfLife.Tests.LifeSimulationTests.LoadCentered_CentersThePatternAndResetsState" methodname="LoadCentered_CentersThePatternAndResetsState" classname="ConwayGameOfLife.Tests.LifeSimulationTests" runstate="Runnable" seed="1350520836" result="Passed" start-time="2026-09-13 11:11:53Z" end-time="2026-09-13 11:11:53Z" duration="0.000550" asserts="0">
              <properties>
                <property name="retryIteration" value="0" />
                <property name="repeatIteration" value="0" />
              </properties>
            </test-case>
            <test-case id="1017" name="NewSimulation_StartsEmptyAtGenerationZero" fullname="ConwayGameOfLife.Tests.LifeSimulationTests.NewSimulation_StartsEmptyAtGenerationZero" methodname="NewSimulation_StartsEmptyAtGenerationZero" classname="ConwayGameOfLife.Tests.LifeSimulationTests" runstate="Runnable" seed="1302798363" result="Passed" start-time="2026-09-13 11:11:53Z" end-time="2026-09-13 11:11:53Z" duration="0.000129" asserts="0">
              <properties>
                <property name="retryIteration" value="0" />
                <property name="repeatIteration" value="0" />
              </properties>
            </test-case>
            <test-case id="1033" name="PanelFit_CompactLayoutFitsAtEveryTargetResolution" fullname="ConwayGameOfLife.Tests.LifeSimulationTests.PanelFit_CompactLayoutFitsAtEveryTargetResolution" methodname="PanelFit_CompactLayoutFitsAtEveryTargetResolution" classname="ConwayGameOfLife.Tests.LifeSimulationTests" runstate="Runnable" seed="719383884" result="Passed" start-time="2026-09-13 11:11:53Z" end-time="2026-09-13 11:11:53Z" duration="0.001811" asserts="0">
              <properties>
                <property name="retryIteration" value="0" />
                <property name="repeatIteration" value="0" />
              </properties>
            </test-case>
            <test-case id="1032" name="PanelFit_CompactLayoutIsRequiredForSixteenByNineButNotForSixteenByTen" fullname="ConwayGameOfLife.Tests.LifeSimulationTests.PanelFit_CompactLayoutIsRequiredForSixteenByNineButNotForSixteenByTen" methodname="PanelFit_CompactLayoutIsRequiredForSixteenByNineButNotForSixteenByTen" classname="ConwayGameOfLife.Tests.LifeSimulationTests" runstate="Runnable" seed="2103510855" result="Passed" start-time="2026-09-13 11:11:53Z" end-time="2026-09-13 11:11:53Z" duration="0.000389" asserts="0">
              <properties>
                <property name="retryIteration" value="0" />
                <property name="repeatIteration" value="0" />
              </properties>
            </test-case>
            <test-case id="1034" name="PanelFit_RejectsNonPositiveDimensions" fullname="ConwayGameOfLife.Tests.LifeSimulationTests.PanelFit_RejectsNonPositiveDimensions" methodname="PanelFit_RejectsNonPositiveDimensions" classname="ConwayGameOfLife.Tests.LifeSimulationTests" runstate="Runnable" seed="707456979" result="Passed" start-time="2026-09-13 11:11:53Z" end-time="2026-09-13 11:11:53Z" duration="0.000383" asserts="0">
              <properties>
                <property name="retryIteration" value="0" />
                <property name="repeatIteration" value="0" />
              </properties>
            </test-case>
            <test-case id="1029" name="PanelFit_ScaleFactorIsConservativeAgainstUnitysOwnMeasuredScale" fullname="ConwayGameOfLife.Tests.LifeSimulationTests.PanelFit_ScaleFactorIsConservativeAgainstUnitysOwnMeasuredScale" methodname="PanelFit_ScaleFactorIsConservativeAgainstUnitysOwnMeasuredScale" classname="ConwayGameOfLife.Tests.LifeSimulationTests" runstate="Runnable" seed="924718384" result="Passed" start-time="2026-09-13 11:11:53Z" end-time="2026-09-13 11:11:53Z" duration="0.001016" asserts="0">
              <properties>
                <property name="retryIteration" value="0" />
                <property name="repeatIteration" value="0" />
              </properties>
            </test-case>
            <test-case id="1031" name="PanelFit_SingleColumnLayoutFitsAtEveryTargetResolution" fullname="ConwayGameOfLife.Tests.LifeSimulationTests.PanelFit_SingleColumnLayoutFitsAtEveryTargetResolution" methodname="PanelFit_SingleColumnLayoutFitsAtEveryTargetResolution" classname="ConwayGameOfLife.Tests.LifeSimulationTests" runstate="Runnable" seed="1518133221" result="Passed" start-time="2026-09-13 11:11:53Z" end-time="2026-09-13 11:11:53Z" duration="0.000334" asserts="0">
              <properties>
                <property name="retryIteration" value="0" />
                <property name="repeatIteration" value="0" />
              </properties>
            </test-case>
            <test-case id="1030" name="PanelFit_SixteenByNineWindowsExposeTheFullReferencePanel" fullname="ConwayGameOfLife.Tests.LifeSimulationTests.PanelFit_SixteenByNineWindowsExposeTheFullReferencePanel" methodname="PanelFit_SixteenByNineWindowsExposeTheFullReferencePanel" classname="ConwayGameOfLife.Tests.LifeSimulationTests" runstate="Runnable" seed="24158619" result="Passed" start-time="2026-09-13 11:11:53Z" end-time="2026-09-13 11:11:53Z" duration="0.000317" asserts="0">
              <properties>
                <property name="retryIteration" value="0" />
                <property name="repeatIteration" value="0" />
              </properties>
            </test-case>
            <test-case id="1028" name="Randomize_RejectsNullRandom" fullname="ConwayGameOfLife.Tests.LifeSimulationTests.Randomize_RejectsNullRandom" methodname="Randomize_RejectsNullRandom" classname="ConwayGameOfLife.Tests.LifeSimulationTests" runstate="Runnable" seed="4000118" result="Passed" start-time="2026-09-13 11:11:53Z" end-time="2026-09-13 11:11:53Z" duration="0.000436" asserts="0">
              <properties>
                <property name="retryIteration" value="0" />
                <property name="repeatIteration" value="0" />
              </properties>
            </test-case>
            <test-case id="1027" name="Randomize_RespectsProbabilityBoundsAndTracksPopulation" fullname="ConwayGameOfLife.Tests.LifeSimulationTests.Randomize_RespectsProbabilityBoundsAndTracksPopulation" methodname="Randomize_RespectsProbabilityBoundsAndTracksPopulation" classname="ConwayGameOfLife.Tests.LifeSimulationTests" runstate="Runnable" seed="1081950856" result="Passed" start-time="2026-09-13 11:11:53Z" end-time="2026-09-13 11:11:53Z" duration="0.000617" asserts="0">
              <properties>
                <property name="retryIteration" value="0" />
                <property name="repeatIteration" value="0" />
              </properties>
            </test-case>
            <test-case id="1024" name="SetCell_TracksPopulationAndIgnoresOutOfBounds" fullname="ConwayGameOfLife.Tests.LifeSimulationTests.SetCell_TracksPopulationAndIgnoresOutOfBounds" methodname="SetCell_TracksPopulationAndIgnoresOutOfBounds" classname="ConwayGameOfLife.Tests.LifeSimulationTests" runstate="Runnable" seed="1333198927" result="Passed" start-time="2026-09-13 11:11:53Z" end-time="2026-09-13 11:11:53Z" duration="0.000225" asserts="0">
              <properties>
                <property name="retryIteration" value="0" />
                <property name="repeatIteration" value="0" />
              </properties>
            </test-case>
            <test-case id="1020" name="Step_BlinkerOscillatesWithPeriodTwo" fullname="ConwayGameOfLife.Tests.LifeSimulationTests.Step_BlinkerOscillatesWithPeriodTwo" methodname="Step_BlinkerOscillatesWithPeriodTwo" classname="ConwayGameOfLife.Tests.LifeSimulationTests" runstate="Runnable" seed="373429671" result="Passed" start-time="2026-09-13 11:11:53Z" end-time="2026-09-13 11:11:53Z" duration="0.000258" asserts="0">
              <properties>
                <property name="retryIteration" value="0" />
                <property name="repeatIteration" value="0" />
              </properties>
            </test-case>
            <test-case id="1018" name="Step_ImplementsBirthRule_DeadCellWithExactlyThreeNeighboursLives" fullname="ConwayGameOfLife.Tests.LifeSimulationTests.Step_ImplementsBirthRule_DeadCellWithExactlyThreeNeighboursLives" methodname="Step_ImplementsBirthRule_DeadCellWithExactlyThreeNeighboursLives" classname="ConwayGameOfLife.Tests.LifeSimulationTests" runstate="Runnable" seed="815382282" result="Passed" start-time="2026-09-13 11:11:53Z" end-time="2026-09-13 11:11:53Z" duration="0.000167" asserts="0">
              <properties>
                <property name="retryIteration" value="0" />
                <property name="repeatIteration" value="0" />
              </properties>
            </test-case>
            <test-case id="1019" name="Step_ImplementsSurvivalRule_IgnoresOvercrowdingAndLoneliness" fullname="ConwayGameOfLife.Tests.LifeSimulationTests.Step_ImplementsSurvivalRule_IgnoresOvercrowdingAndLoneliness" methodname="Step_ImplementsSurvivalRule_IgnoresOvercrowdingAndLoneliness" classname="ConwayGameOfLife.Tests.LifeSimulationTests" runstate="Runnable" seed="24323088" result="Passed" start-time="2026-09-13 11:11:53Z" end-time="2026-09-13 11:11:53Z" duration="0.000255" asserts="0">
              <properties>
                <property name="retryIteration" value="0" />
                <property name="repeatIteration" value="0" />
              </properties>
            </test-case>
            <test-case id="1021" name="Step_MatchesIndependentReferenceOnRandomBoards" fullname="ConwayGameOfLife.Tests.LifeSimulationTests.Step_MatchesIndependentReferenceOnRandomBoards" methodname="Step_MatchesIndependentReferenceOnRandomBoards" classname="ConwayGameOfLife.Tests.LifeSimulationTests" runstate="Runnable" seed="534815163" result="Passed" start-time="2026-09-13 11:11:53Z" end-time="2026-09-13 11:11:53Z" duration="0.019029" asserts="0">
              <properties>
                <property name="retryIteration" value="0" />
                <property name="repeatIteration" value="0" />
              </properties>
            </test-case>
            <test-case id="1022" name="Step_WithWrapEdges_MatchesIndependentReferenceOnRandomBoards" fullname="ConwayGameOfLife.Tests.LifeSimulationTests.Step_WithWrapEdges_MatchesIndependentReferenceOnRandomBoards" methodname="Step_WithWrapEdges_MatchesIndependentReferenceOnRandomBoards" classname="ConwayGameOfLife.Tests.LifeSimulationTests" runstate="Runnable" seed="1782964726" result="Passed" start-time="2026-09-13 11:11:53Z" end-time="2026-09-13 11:11:53Z" duration="0.036666" asserts="0">
              <properties>
                <property name="retryIteration" value="0" />
                <property name="repeatIteration" value="0" />
              </properties>
            </test-case>
            <test-case id="1023" name="WrapEdges_ProducesDifferentResultFromFixedBoundary" fullname="ConwayGameOfLife.Tests.LifeSimulationTests.WrapEdges_ProducesDifferentResultFromFixedBoundary" methodname="WrapEdges_ProducesDifferentResultFromFixedBoundary" classname="ConwayGameOfLife.Tests.LifeSimulationTests" runstate="Runnable" seed="887852680" result="Passed" start-time="2026-09-13 11:11:53Z" end-time="2026-09-13 11:11:53Z" duration="0.000399" asserts="0">
              <properties>
                <property name="retryIteration" value="0" />
                <property name="repeatIteration" value="0" />
              </properties>
              <output><![CDATA[Saving results to: C:/Users/12542/AppData/LocalLow/DefaultCompany/ConwayGameOfLife\TestResults.xml
Saving results to: C:/Users/12542/AppData/LocalLow/DefaultCompany/ConwayGameOfLife\TestResults.xml
]]></output>
            </test-case>
          </test-suite>
        </test-suite>
      </test-suite>
    </test-suite>
  </test-suite>
</test-run>